<!DOCTYPE html>
<!--
 | Generated by Apache Maven Doxia Site Renderer 1.11.1 at 2024-10-08

 | Rendered using Apache Maven Default Skin
-->
<html xmlns="http://www.w3.org/1999/xhtml" xml:lang="en" lang="en">
  <head>
    <meta charset="UTF-8" />
    <meta name="viewport" content="width=device-width, initial-scale=1.0" />
    <meta name="generator" content="Apache Maven Doxia Site Renderer 1.11.1" />
    <title>openapi-spring &#x2013; Surefire Report</title>
    <link rel="stylesheet" href="./css/maven-base.css" />
    <link rel="stylesheet" href="./css/maven-theme.css" />
    <link rel="stylesheet" href="./css/site.css" />
    <link rel="stylesheet" href="./css/print.css" media="print" />
  </head>
  <body class="composite">
    <div id="banner">
      <div class="clear">
        <hr/>
      </div>
    </div>
    <div id="breadcrumbs">
      <div class="xleft">
        <span id="publishDate">Last Published: 2024-10-08</span>
           | <span id="projectVersion">Version: 1.0.0</span>
      </div>
      <div class="xright">      </div>
      <div class="clear">
        <hr/>
      </div>
    </div>
    <div id="leftColumn">
      <div id="navcolumn">
      <a href="http://maven.apache.org/" title="Built by Maven" class="poweredBy">
        <img class="poweredBy" alt="Built by Maven" src="./images/logos/maven-feather.png" />
      </a>
      </div>
    </div>
    <div id="bodyColumn">
      <div id="contentBox">
<script type="text/javascript">
function toggleDisplay(elementId) {
 var elm = document.getElementById(elementId + '-error');
 if (elm == null) {
  elm = document.getElementById(elementId + '-failure');
 }
 if (elm && typeof elm.style != "undefined") {
  if (elm.style.display == "none") {
   elm.style.display = "";
   document.getElementById(elementId + '-off').style.display = "none";
   document.getElementById(elementId + '-on').style.display = "inline";
  } else if (elm.style.display == "") {   elm.style.display = "none";
   document.getElementById(elementId + '-off').style.display = "inline";
   document.getElementById(elementId + '-on').style.display = "none";
  }
 }
 }</script><section>
<h2><a name="Surefire_Report"></a>Surefire Report</h2></section><section><a id="Summary"></a>
<h2><a name="Summary"></a>Summary</h2>
<p>[<a href="#Summary">Summary</a>] [<a href="#Package_List">Package List</a>] [<a href="#Test_Cases">Test Cases</a>]</p><br />
<table border="0" class="bodyTable">
<tr class="a">
<th>Tests</th>
<th>Errors</th>
<th>Failures</th>
<th>Skipped</th>
<th>Success Rate</th>
<th>Time</th></tr>
<tr class="b">
<td align="left">105</td>
<td>2</td>
<td>4</td>
<td>0</td>
<td>94.3%</td>
<td>10.13 s</td></tr></table><br />
<p>Note: failures are anticipated and checked for with assertions while errors are unanticipated.</p><br /></section><section><a id="Package_List"></a>
<h2><a name="Package_List"></a>Package List</h2>
<p>[<a href="#Summary">Summary</a>] [<a href="#Package_List">Package List</a>] [<a href="#Test_Cases">Test Cases</a>]</p><br />
<table border="0" class="bodyTable">
<tr class="a">
<th>Package</th>
<th>Tests</th>
<th>Errors</th>
<th>Failures</th>
<th>Skipped</th>
<th>Success Rate</th>
<th>Time</th></tr>
<tr class="b">
<td align="left"><a href="#org.openapitools">org.openapitools</a></td>
<td>10</td>
<td>1</td>
<td>1</td>
<td>0</td>
<td>80.0%</td>
<td>9.159 s</td></tr>
<tr class="a">
<td align="left"><a href="#org.openapitools.model">org.openapitools.model</a></td>
<td>74</td>
<td>0</td>
<td>3</td>
<td>0</td>
<td>95.9%</td>
<td>0.298 s</td></tr>
<tr class="b">
<td align="left"><a href="#org.openapitools.api">org.openapitools.api</a></td>
<td>15</td>
<td>1</td>
<td>0</td>
<td>0</td>
<td>93.3%</td>
<td>0.374 s</td></tr>
<tr class="a">
<td align="left"><a href="#org.openapitools.configuration">org.openapitools.configuration</a></td>
<td>6</td>
<td>0</td>
<td>0</td>
<td>0</td>
<td>100%</td>
<td>0.299 s</td></tr></table><br />
<p>Note: package statistics are not computed recursively, they only sum up all of its testsuites numbers.</p><section><a id="org.openapitools"></a>
<h3><a name="org.openapitools"></a>org.openapitools</h3>
<table border="0" class="bodyTable">
<tr class="a">
<th>-</th>
<th>Class</th>
<th>Tests</th>
<th>Errors</th>
<th>Failures</th>
<th>Skipped</th>
<th>Success Rate</th>
<th>Time</th></tr>
<tr class="b">
<td align="left"><a href="#org.openapitools.OpenApiGeneratorApplicationJsonNullableModuleTest"><img src="images/icon_success_sml.gif" alt="" /></a></td>
<td><a href="#org.openapitools.OpenApiGeneratorApplicationJsonNullableModuleTest">OpenApiGeneratorApplicationJsonNullableModuleTest</a></td>
<td>2</td>
<td>0</td>
<td>0</td>
<td>0</td>
<td>100%</td>
<td>0.149 s</td></tr>
<tr class="a">
<td align="left"><a href="#org.openapitools.Rfc3339DateFormatFormatTest"><img src="images/icon_warning_sml.gif" alt="" /></a></td>
<td><a href="#org.openapitools.Rfc3339DateFormatFormatTest">Rfc3339DateFormatFormatTest</a></td>
<td>4</td>
<td>0</td>
<td>1</td>
<td>0</td>
<td>75.0%</td>
<td>0.034 s</td></tr>
<tr class="b">
<td align="left"><a href="#org.openapitools.Rfc3339DateFormatParseTest"><img src="images/icon_error_sml.gif" alt="" /></a></td>
<td><a href="#org.openapitools.Rfc3339DateFormatParseTest">Rfc3339DateFormatParseTest</a></td>
<td>3</td>
<td>1</td>
<td>0</td>
<td>0</td>
<td>66.7%</td>
<td>0.018 s</td></tr>
<tr class="a">
<td align="left"><a href="#org.openapitools.OpenApiGeneratorApplicationTests"><img src="images/icon_success_sml.gif" alt="" /></a></td>
<td><a href="#org.openapitools.OpenApiGeneratorApplicationTests">OpenApiGeneratorApplicationTests</a></td>
<td>1</td>
<td>0</td>
<td>0</td>
<td>0</td>
<td>100%</td>
<td>8.958 s</td></tr></table></section><section><a id="org.openapitools.model"></a>
<h3><a name="org.openapitools.model"></a>org.openapitools.model</h3>
<table border="0" class="bodyTable">
<tr class="a">
<th>-</th>
<th>Class</th>
<th>Tests</th>
<th>Errors</th>
<th>Failures</th>
<th>Skipped</th>
<th>Success Rate</th>
<th>Time</th></tr>
<tr class="b">
<td align="left"><a href="#org.openapitools.model.UsernamePostRequestEqualsTest"><img src="images/icon_success_sml.gif" alt="" /></a></td>
<td><a href="#org.openapitools.model.UsernamePostRequestEqualsTest">UsernamePostRequestEqualsTest</a></td>
<td>5</td>
<td>0</td>
<td>0</td>
<td>0</td>
<td>100%</td>
<td>0.008 s</td></tr>
<tr class="a">
<td align="left"><a href="#org.openapitools.model.CredentialsObscuredGet200ResponseEqualsTest"><img src="images/icon_success_sml.gif" alt="" /></a></td>
<td><a href="#org.openapitools.model.CredentialsObscuredGet200ResponseEqualsTest">CredentialsObscuredGet200ResponseEqualsTest</a></td>
<td>5</td>
<td>0</td>
<td>0</td>
<td>0</td>
<td>100%</td>
<td>0.024 s</td></tr>
<tr class="b">
<td align="left"><a href="#org.openapitools.model.LoginPostRequestToStringTest"><img src="images/icon_success_sml.gif" alt="" /></a></td>
<td><a href="#org.openapitools.model.LoginPostRequestToStringTest">LoginPostRequestToStringTest</a></td>
<td>2</td>
<td>0</td>
<td>0</td>
<td>0</td>
<td>100%</td>
<td>0.006 s</td></tr>
<tr class="a">
<td align="left"><a href="#org.openapitools.model.LoginPostRequestPasswordTest"><img src="images/icon_success_sml.gif" alt="" /></a></td>
<td><a href="#org.openapitools.model.LoginPostRequestPasswordTest">LoginPostRequestPasswordTest</a></td>
<td>3</td>
<td>0</td>
<td>0</td>
<td>0</td>
<td>100%</td>
<td>0.006 s</td></tr>
<tr class="b">
<td align="left"><a href="#org.openapitools.model.LoginPostRequestGetPasswordTest"><img src="images/icon_success_sml.gif" alt="" /></a></td>
<td><a href="#org.openapitools.model.LoginPostRequestGetPasswordTest">LoginPostRequestGetPasswordTest</a></td>
<td>4</td>
<td>0</td>
<td>0</td>
<td>0</td>
<td>100%</td>
<td>0.007 s</td></tr>
<tr class="a">
<td align="left"><a href="#org.openapitools.model.CredentialsObscuredGet200ResponseObscuredTest"><img src="images/icon_success_sml.gif" alt="" /></a></td>
<td><a href="#org.openapitools.model.CredentialsObscuredGet200ResponseObscuredTest">CredentialsObscuredGet200ResponseObscuredTest</a></td>
<td>3</td>
<td>0</td>
<td>0</td>
<td>0</td>
<td>100%</td>
<td>0.008 s</td></tr>
<tr class="b">
<td align="left"><a href="#org.openapitools.model.CredentialsObscuredGet200ResponseHashCodeTest"><img src="images/icon_warning_sml.gif" alt="" /></a></td>
<td><a href="#org.openapitools.model.CredentialsObscuredGet200ResponseHashCodeTest">CredentialsObscuredGet200ResponseHashCodeTest</a></td>
<td>3</td>
<td>0</td>
<td>3</td>
<td>0</td>
<td>0%</td>
<td>0.023 s</td></tr>
<tr class="a">
<td align="left"><a href="#org.openapitools.model.CredentialsObscuredGet200ResponseToStringTest"><img src="images/icon_success_sml.gif" alt="" /></a></td>
<td><a href="#org.openapitools.model.CredentialsObscuredGet200ResponseToStringTest">CredentialsObscuredGet200ResponseToStringTest</a></td>
<td>3</td>
<td>0</td>
<td>0</td>
<td>0</td>
<td>100%</td>
<td>0.006 s</td></tr>
<tr class="b">
<td align="left"><a href="#org.openapitools.model.LoginButtonStatusGet200ResponseEqualsTest"><img src="images/icon_success_sml.gif" alt="" /></a></td>
<td><a href="#org.openapitools.model.LoginButtonStatusGet200ResponseEqualsTest">LoginButtonStatusGet200ResponseEqualsTest</a></td>
<td>5</td>
<td>0</td>
<td>0</td>
<td>0</td>
<td>100%</td>
<td>0.010 s</td></tr>
<tr class="a">
<td align="left"><a href="#org.openapitools.model.UsernamePostRequestGetTextTest"><img src="images/icon_success_sml.gif" alt="" /></a></td>
<td><a href="#org.openapitools.model.UsernamePostRequestGetTextTest">UsernamePostRequestGetTextTest</a></td>
<td>3</td>
<td>0</td>
<td>0</td>
<td>0</td>
<td>100%</td>
<td>0.012 s</td></tr>
<tr class="b">
<td align="left"><a href="#org.openapitools.model.LoginButtonStatusGet200ResponseStatusTest"><img src="images/icon_success_sml.gif" alt="" /></a></td>
<td><a href="#org.openapitools.model.LoginButtonStatusGet200ResponseStatusTest">LoginButtonStatusGet200ResponseStatusTest</a></td>
<td>3</td>
<td>0</td>
<td>0</td>
<td>0</td>
<td>100%</td>
<td>0.016 s</td></tr>
<tr class="a">
<td align="left"><a href="#org.openapitools.model.LoginPostRequestGetUsernameTest"><img src="images/icon_success_sml.gif" alt="" /></a></td>
<td><a href="#org.openapitools.model.LoginPostRequestGetUsernameTest">LoginPostRequestGetUsernameTest</a></td>
<td>3</td>
<td>0</td>
<td>0</td>
<td>0</td>
<td>100%</td>
<td>0.008 s</td></tr>
<tr class="b">
<td align="left"><a href="#org.openapitools.model.LoginButtonStatusGet200ResponseGetStatusTest"><img src="images/icon_success_sml.gif" alt="" /></a></td>
<td><a href="#org.openapitools.model.LoginButtonStatusGet200ResponseGetStatusTest">LoginButtonStatusGet200ResponseGetStatusTest</a></td>
<td>5</td>
<td>0</td>
<td>0</td>
<td>0</td>
<td>100%</td>
<td>0.027 s</td></tr>
<tr class="a">
<td align="left"><a href="#org.openapitools.model.UsernamePostRequestTextTest"><img src="images/icon_success_sml.gif" alt="" /></a></td>
<td><a href="#org.openapitools.model.UsernamePostRequestTextTest">UsernamePostRequestTextTest</a></td>
<td>3</td>
<td>0</td>
<td>0</td>
<td>0</td>
<td>100%</td>
<td>0.010 s</td></tr>
<tr class="b">
<td align="left"><a href="#org.openapitools.model.LoginPostRequestEqualsTest"><img src="images/icon_success_sml.gif" alt="" /></a></td>
<td><a href="#org.openapitools.model.LoginPostRequestEqualsTest">LoginPostRequestEqualsTest</a></td>
<td>5</td>
<td>0</td>
<td>0</td>
<td>0</td>
<td>100%</td>
<td>0.014 s</td></tr>
<tr class="a">
<td align="left"><a href="#org.openapitools.model.LoginPostRequestValidateLoginTest"><img src="images/icon_success_sml.gif" alt="" /></a></td>
<td><a href="#org.openapitools.model.LoginPostRequestValidateLoginTest">LoginPostRequestValidateLoginTest</a></td>
<td>5</td>
<td>0</td>
<td>0</td>
<td>0</td>
<td>100%</td>
<td>0.034 s</td></tr>
<tr class="b">
<td align="left"><a href="#org.openapitools.model.LoginPostRequestHashCodeTest"><img src="images/icon_success_sml.gif" alt="" /></a></td>
<td><a href="#org.openapitools.model.LoginPostRequestHashCodeTest">LoginPostRequestHashCodeTest</a></td>
<td>3</td>
<td>0</td>
<td>0</td>
<td>0</td>
<td>100%</td>
<td>0.026 s</td></tr>
<tr class="a">
<td align="left"><a href="#org.openapitools.model.LoginButtonStatusGet200ResponseToStringTest"><img src="images/icon_success_sml.gif" alt="" /></a></td>
<td><a href="#org.openapitools.model.LoginButtonStatusGet200ResponseToStringTest">LoginButtonStatusGet200ResponseToStringTest</a></td>
<td>4</td>
<td>0</td>
<td>0</td>
<td>0</td>
<td>100%</td>
<td>0.007 s</td></tr>
<tr class="b">
<td align="left"><a href="#org.openapitools.model.LoginPostRequestUsernameTest"><img src="images/icon_success_sml.gif" alt="" /></a></td>
<td><a href="#org.openapitools.model.LoginPostRequestUsernameTest">LoginPostRequestUsernameTest</a></td>
<td>4</td>
<td>0</td>
<td>0</td>
<td>0</td>
<td>100%</td>
<td>0.022 s</td></tr>
<tr class="a">
<td align="left"><a href="#org.openapitools.model.LoginButtonStatusGet200ResponseHashCodeTest"><img src="images/icon_success_sml.gif" alt="" /></a></td>
<td><a href="#org.openapitools.model.LoginButtonStatusGet200ResponseHashCodeTest">LoginButtonStatusGet200ResponseHashCodeTest</a></td>
<td>3</td>
<td>0</td>
<td>0</td>
<td>0</td>
<td>100%</td>
<td>0.024 s</td></tr></table></section><section><a id="org.openapitools.api"></a>
<h3><a name="org.openapitools.api"></a>org.openapitools.api</h3>
<table border="0" class="bodyTable">
<tr class="a">
<th>-</th>
<th>Class</th>
<th>Tests</th>
<th>Errors</th>
<th>Failures</th>
<th>Skipped</th>
<th>Success Rate</th>
<th>Time</th></tr>
<tr class="b">
<td align="left"><a href="#org.openapitools.api.ViewportApiControllerGetRequestTest"><img src="images/icon_success_sml.gif" alt="" /></a></td>
<td><a href="#org.openapitools.api.ViewportApiControllerGetRequestTest">ViewportApiControllerGetRequestTest</a></td>
<td>3</td>
<td>0</td>
<td>0</td>
<td>0</td>
<td>100%</td>
<td>0.013 s</td></tr>
<tr class="a">
<td align="left"><a href="#org.openapitools.api.LoginButtonClickApiControllerGetRequestTest"><img src="images/icon_success_sml.gif" alt="" /></a></td>
<td><a href="#org.openapitools.api.LoginButtonClickApiControllerGetRequestTest">LoginButtonClickApiControllerGetRequestTest</a></td>
<td>3</td>
<td>0</td>
<td>0</td>
<td>0</td>
<td>100%</td>
<td>0.011 s</td></tr>
<tr class="b">
<td align="left"><a href="#org.openapitools.api.BrowserCompatibilityApiControllerGetRequestTest"><img src="images/icon_success_sml.gif" alt="" /></a></td>
<td><a href="#org.openapitools.api.BrowserCompatibilityApiControllerGetRequestTest">BrowserCompatibilityApiControllerGetRequestTest</a></td>
<td>3</td>
<td>0</td>
<td>0</td>
<td>0</td>
<td>100%</td>
<td>0.016 s</td></tr>
<tr class="a">
<td align="left"><a href="#org.openapitools.api.ApiUtilSetExampleResponseTest"><img src="images/icon_error_sml.gif" alt="" /></a></td>
<td><a href="#org.openapitools.api.ApiUtilSetExampleResponseTest">ApiUtilSetExampleResponseTest</a></td>
<td>3</td>
<td>1</td>
<td>0</td>
<td>0</td>
<td>66.7%</td>
<td>0.305 s</td></tr>
<tr class="b">
<td align="left"><a href="#org.openapitools.api.LoginPageLoadApiControllerGetRequestTest"><img src="images/icon_success_sml.gif" alt="" /></a></td>
<td><a href="#org.openapitools.api.LoginPageLoadApiControllerGetRequestTest">LoginPageLoadApiControllerGetRequestTest</a></td>
<td>3</td>
<td>0</td>
<td>0</td>
<td>0</td>
<td>100%</td>
<td>0.029 s</td></tr></table></section><section><a id="org.openapitools.configuration"></a>
<h3><a name="org.openapitools.configuration"></a>org.openapitools.configuration</h3>
<table border="0" class="bodyTable">
<tr class="a">
<th>-</th>
<th>Class</th>
<th>Tests</th>
<th>Errors</th>
<th>Failures</th>
<th>Skipped</th>
<th>Success Rate</th>
<th>Time</th></tr>
<tr class="b">
<td align="left"><a href="#org.openapitools.configuration.SpringDocConfigurationApiInfoTest"><img src="images/icon_success_sml.gif" alt="" /></a></td>
<td><a href="#org.openapitools.configuration.SpringDocConfigurationApiInfoTest">SpringDocConfigurationApiInfoTest</a></td>
<td>3</td>
<td>0</td>
<td>0</td>
<td>0</td>
<td>100%</td>
<td>0.007 s</td></tr>
<tr class="a">
<td align="left"><a href="#org.openapitools.configuration.HomeControllerIndexTest"><img src="images/icon_success_sml.gif" alt="" /></a></td>
<td><a href="#org.openapitools.configuration.HomeControllerIndexTest">HomeControllerIndexTest</a></td>
<td>3</td>
<td>0</td>
<td>0</td>
<td>0</td>
<td>100%</td>
<td>0.292 s</td></tr></table></section><br /></section><section><a id="Test_Cases"></a>
<h2><a name="Test_Cases"></a>Test Cases</h2>
<p>[<a href="#Summary">Summary</a>] [<a href="#Package_List">Package List</a>] [<a href="#Test_Cases">Test Cases</a>]</p><section><a id="org.openapitools.model.UsernamePostRequestEqualsTest"></a>
<h3><a name="UsernamePostRequestEqualsTest"></a>UsernamePostRequestEqualsTest</h3>
<table border="0" class="bodyTable">
<tr class="a">
<td align="left"><img src="images/icon_success_sml.gif" alt="" /></td>
<td><a id="TC_org.openapitools.model.UsernamePostRequestEqualsTest.equalsDifferentTextValue"></a>equalsDifferentTextValue</td>
<td>0.001 s</td></tr>
<tr class="b">
<td align="left"><img src="images/icon_success_sml.gif" alt="" /></td>
<td><a id="TC_org.openapitools.model.UsernamePostRequestEqualsTest.equalsSameTextValue"></a>equalsSameTextValue</td>
<td>0.001 s</td></tr>
<tr class="a">
<td align="left"><img src="images/icon_success_sml.gif" alt="" /></td>
<td><a id="TC_org.openapitools.model.UsernamePostRequestEqualsTest.equalsNullObject"></a>equalsNullObject</td>
<td>0.001 s</td></tr>
<tr class="b">
<td align="left"><img src="images/icon_success_sml.gif" alt="" /></td>
<td><a id="TC_org.openapitools.model.UsernamePostRequestEqualsTest.equalsDifferentClassObject"></a>equalsDifferentClassObject</td>
<td>0 s</td></tr>
<tr class="a">
<td align="left"><img src="images/icon_success_sml.gif" alt="" /></td>
<td><a id="TC_org.openapitools.model.UsernamePostRequestEqualsTest.equalsSameObject"></a>equalsSameObject</td>
<td>0.001 s</td></tr></table></section><section><a id="org.openapitools.model.CredentialsObscuredGet200ResponseEqualsTest"></a>
<h3><a name="CredentialsObscuredGet200ResponseEqualsTest"></a>CredentialsObscuredGet200ResponseEqualsTest</h3>
<table border="0" class="bodyTable">
<tr class="a">
<td align="left"><img src="images/icon_success_sml.gif" alt="" /></td>
<td><a id="TC_org.openapitools.model.CredentialsObscuredGet200ResponseEqualsTest.testEqualsWithDifferentObjectValues"></a>testEqualsWithDifferentObjectValues</td>
<td>0.004 s</td></tr>
<tr class="b">
<td align="left"><img src="images/icon_success_sml.gif" alt="" /></td>
<td><a id="TC_org.openapitools.model.CredentialsObscuredGet200ResponseEqualsTest.testEqualsWithSameObjectReference"></a>testEqualsWithSameObjectReference</td>
<td>0.002 s</td></tr>
<tr class="a">
<td align="left"><img src="images/icon_success_sml.gif" alt="" /></td>
<td><a id="TC_org.openapitools.model.CredentialsObscuredGet200ResponseEqualsTest.testEqualsWithDifferentClassObject"></a>testEqualsWithDifferentClassObject</td>
<td>0.003 s</td></tr>
<tr class="b">
<td align="left"><img src="images/icon_success_sml.gif" alt="" /></td>
<td><a id="TC_org.openapitools.model.CredentialsObscuredGet200ResponseEqualsTest.testEqualsWithSameObjectValues"></a>testEqualsWithSameObjectValues</td>
<td>0.003 s</td></tr>
<tr class="a">
<td align="left"><img src="images/icon_success_sml.gif" alt="" /></td>
<td><a id="TC_org.openapitools.model.CredentialsObscuredGet200ResponseEqualsTest.testEqualsWithNull"></a>testEqualsWithNull</td>
<td>0.002 s</td></tr></table></section><section><a id="org.openapitools.model.LoginPostRequestToStringTest"></a>
<h3><a name="LoginPostRequestToStringTest"></a>LoginPostRequestToStringTest</h3>
<table border="0" class="bodyTable">
<tr class="a">
<td align="left"><img src="images/icon_success_sml.gif" alt="" /></td>
<td><a id="TC_org.openapitools.model.LoginPostRequestToStringTest.testToStringMethodWithNullValues"></a>testToStringMethodWithNullValues</td>
<td>0.003 s</td></tr>
<tr class="b">
<td align="left"><img src="images/icon_success_sml.gif" alt="" /></td>
<td><a id="TC_org.openapitools.model.LoginPostRequestToStringTest.testToStringMethod"></a>testToStringMethod</td>
<td>0.001 s</td></tr></table></section><section><a id="org.openapitools.api.ViewportApiControllerGetRequestTest"></a>
<h3><a name="ViewportApiControllerGetRequestTest"></a>ViewportApiControllerGetRequestTest</h3>
<table border="0" class="bodyTable">
<tr class="a">
<td align="left"><img src="images/icon_success_sml.gif" alt="" /></td>
<td><a id="TC_org.openapitools.api.ViewportApiControllerGetRequestTest.testGetRequestReturnsEmptyOptional"></a>testGetRequestReturnsEmptyOptional</td>
<td>0.002 s</td></tr>
<tr class="b">
<td align="left"><img src="images/icon_success_sml.gif" alt="" /></td>
<td><a id="TC_org.openapitools.api.ViewportApiControllerGetRequestTest.testGetRequestReturnsNonEmptyOptional"></a>testGetRequestReturnsNonEmptyOptional</td>
<td>0.002 s</td></tr>
<tr class="a">
<td align="left"><img src="images/icon_success_sml.gif" alt="" /></td>
<td><a id="TC_org.openapitools.api.ViewportApiControllerGetRequestTest.testGetRequestMultipleCalls"></a>testGetRequestMultipleCalls</td>
<td>0.001 s</td></tr></table></section><section><a id="org.openapitools.configuration.SpringDocConfigurationApiInfoTest"></a>
<h3><a name="SpringDocConfigurationApiInfoTest"></a>SpringDocConfigurationApiInfoTest</h3>
<table border="0" class="bodyTable">
<tr class="a">
<td align="left"><img src="images/icon_success_sml.gif" alt="" /></td>
<td><a id="TC_org.openapitools.configuration.SpringDocConfigurationApiInfoTest.testApiInfoReturnsNonNullInfoDetails"></a>testApiInfoReturnsNonNullInfoDetails</td>
<td>0.001 s</td></tr>
<tr class="b">
<td align="left"><img src="images/icon_success_sml.gif" alt="" /></td>
<td><a id="TC_org.openapitools.configuration.SpringDocConfigurationApiInfoTest.testApiInfoReturnsCorrectOpenAPIObject"></a>testApiInfoReturnsCorrectOpenAPIObject</td>
<td>0.001 s</td></tr>
<tr class="a">
<td align="left"><img src="images/icon_success_sml.gif" alt="" /></td>
<td><a id="TC_org.openapitools.configuration.SpringDocConfigurationApiInfoTest.testApiInfoReturnsNewObjectForEachInvocation"></a>testApiInfoReturnsNewObjectForEachInvocation</td>
<td>0.001 s</td></tr></table></section><section><a id="org.openapitools.model.LoginPostRequestPasswordTest"></a>
<h3><a name="LoginPostRequestPasswordTest"></a>LoginPostRequestPasswordTest</h3>
<table border="0" class="bodyTable">
<tr class="a">
<td align="left"><img src="images/icon_success_sml.gif" alt="" /></td>
<td><a id="TC_org.openapitools.model.LoginPostRequestPasswordTest.testPasswordValidity"></a>testPasswordValidity</td>
<td>0.001 s</td></tr>
<tr class="b">
<td align="left"><img src="images/icon_success_sml.gif" alt="" /></td>
<td><a id="TC_org.openapitools.model.LoginPostRequestPasswordTest.testPasswordInValidity"></a>testPasswordInValidity</td>
<td>0 s</td></tr>
<tr class="a">
<td align="left"><img src="images/icon_success_sml.gif" alt="" /></td>
<td><a id="TC_org.openapitools.model.LoginPostRequestPasswordTest.testPasswordNullity"></a>testPasswordNullity</td>
<td>0.001 s</td></tr></table></section><section><a id="org.openapitools.api.LoginButtonClickApiControllerGetRequestTest"></a>
<h3><a name="LoginButtonClickApiControllerGetRequestTest"></a>LoginButtonClickApiControllerGetRequestTest</h3>
<table border="0" class="bodyTable">
<tr class="a">
<td align="left"><img src="images/icon_success_sml.gif" alt="" /></td>
<td><a id="TC_org.openapitools.api.LoginButtonClickApiControllerGetRequestTest.testForNullRequest"></a>testForNullRequest</td>
<td>0.001 s</td></tr>
<tr class="b">
<td align="left"><img src="images/icon_success_sml.gif" alt="" /></td>
<td><a id="TC_org.openapitools.api.LoginButtonClickApiControllerGetRequestTest.testForNonNullRequest"></a>testForNonNullRequest</td>
<td>0.001 s</td></tr>
<tr class="a">
<td align="left"><img src="images/icon_success_sml.gif" alt="" /></td>
<td><a id="TC_org.openapitools.api.LoginButtonClickApiControllerGetRequestTest.testForMultipleInvocations"></a>testForMultipleInvocations</td>
<td>0.001 s</td></tr></table></section><section><a id="org.openapitools.model.LoginPostRequestGetPasswordTest"></a>
<h3><a name="LoginPostRequestGetPasswordTest"></a>LoginPostRequestGetPasswordTest</h3>
<table border="0" class="bodyTable">
<tr class="a">
<td align="left"><img src="images/icon_success_sml.gif" alt="" /></td>
<td><a id="TC_org.openapitools.model.LoginPostRequestGetPasswordTest.testGetPasswordWhenPasswordContainsSpecialCharacters"></a>testGetPasswordWhenPasswordContainsSpecialCharacters</td>
<td>0.001 s</td></tr>
<tr class="b">
<td align="left"><img src="images/icon_success_sml.gif" alt="" /></td>
<td><a id="TC_org.openapitools.model.LoginPostRequestGetPasswordTest.testGetPasswordWhenPasswordIsEmpty"></a>testGetPasswordWhenPasswordIsEmpty</td>
<td>0 s</td></tr>
<tr class="a">
<td align="left"><img src="images/icon_success_sml.gif" alt="" /></td>
<td><a id="TC_org.openapitools.model.LoginPostRequestGetPasswordTest.testGetPasswordWhenPasswordIsSet"></a>testGetPasswordWhenPasswordIsSet</td>
<td>0.001 s</td></tr>
<tr class="b">
<td align="left"><img src="images/icon_success_sml.gif" alt="" /></td>
<td><a id="TC_org.openapitools.model.LoginPostRequestGetPasswordTest.testGetPasswordWhenPasswordIsNotSet"></a>testGetPasswordWhenPasswordIsNotSet</td>
<td>0.001 s</td></tr></table></section><section><a id="org.openapitools.api.BrowserCompatibilityApiControllerGetRequestTest"></a>
<h3><a name="BrowserCompatibilityApiControllerGetRequestTest"></a>BrowserCompatibilityApiControllerGetRequestTest</h3>
<table border="0" class="bodyTable">
<tr class="a">
<td align="left"><img src="images/icon_success_sml.gif" alt="" /></td>
<td><a id="TC_org.openapitools.api.BrowserCompatibilityApiControllerGetRequestTest.testGetRequestReturnsNonEmptyOptionalWhenRequestIsNotNull"></a>testGetRequestReturnsNonEmptyOptionalWhenRequestIsNotNull</td>
<td>0.003 s</td></tr>
<tr class="b">
<td align="left"><img src="images/icon_success_sml.gif" alt="" /></td>
<td><a id="TC_org.openapitools.api.BrowserCompatibilityApiControllerGetRequestTest.testGetRequestReturnsEmptyOptionalWhenRequestIsNull"></a>testGetRequestReturnsEmptyOptionalWhenRequestIsNull</td>
<td>0.003 s</td></tr>
<tr class="a">
<td align="left"><img src="images/icon_success_sml.gif" alt="" /></td>
<td><a id="TC_org.openapitools.api.BrowserCompatibilityApiControllerGetRequestTest.testGetRequestDoesNotModifyRequest"></a>testGetRequestDoesNotModifyRequest</td>
<td>0.002 s</td></tr></table></section><section><a id="org.openapitools.model.CredentialsObscuredGet200ResponseObscuredTest"></a>
<h3><a name="CredentialsObscuredGet200ResponseObscuredTest"></a>CredentialsObscuredGet200ResponseObscuredTest</h3>
<table border="0" class="bodyTable">
<tr class="a">
<td align="left"><img src="images/icon_success_sml.gif" alt="" /></td>
<td><a id="TC_org.openapitools.model.CredentialsObscuredGet200ResponseObscuredTest.testObscuredWithNullValue"></a>testObscuredWithNullValue</td>
<td>0.003 s</td></tr>
<tr class="b">
<td align="left"><img src="images/icon_success_sml.gif" alt="" /></td>
<td><a id="TC_org.openapitools.model.CredentialsObscuredGet200ResponseObscuredTest.testObscuredWithTrueValue"></a>testObscuredWithTrueValue</td>
<td>0.001 s</td></tr>
<tr class="a">
<td align="left"><img src="images/icon_success_sml.gif" alt="" /></td>
<td><a id="TC_org.openapitools.model.CredentialsObscuredGet200ResponseObscuredTest.testObscuredWithFalseValue"></a>testObscuredWithFalseValue</td>
<td>0.001 s</td></tr></table></section><section><a id="org.openapitools.model.CredentialsObscuredGet200ResponseHashCodeTest"></a>
<h3><a name="CredentialsObscuredGet200ResponseHashCodeTest"></a>CredentialsObscuredGet200ResponseHashCodeTest</h3>
<table border="0" class="bodyTable">
<tr class="a">
<td align="left"><a href="#org.openapitools.model.CredentialsObscuredGet200ResponseHashCodeTest.testHashCodeWhenObscuredIsFalse"><img src="images/icon_error_sml.gif" alt="" /></a></td>
<td><a id="TC_org.openapitools.model.CredentialsObscuredGet200ResponseHashCodeTest.testHashCodeWhenObscuredIsFalse"></a><a href="#org.openapitools.model.CredentialsObscuredGet200ResponseHashCodeTest.testHashCodeWhenObscuredIsFalse">testHashCodeWhenObscuredIsFalse</a>
<div class="detailToggle" style="display:inline"><a href="javascript:toggleDisplay('org.openapitools.model.CredentialsObscuredGet200ResponseHashCodeTest.testHashCodeWhenObscuredIsFalse');"><span style="display:inline;" id="org.openapitools.model.CredentialsObscuredGet200ResponseHashCodeTest.testHashCodeWhenObscuredIsFalse-off"> + </span><span style="display:none;" id="org.openapitools.model.CredentialsObscuredGet200ResponseHashCodeTest.testHashCodeWhenObscuredIsFalse-on"> - </span>[ Detail ]</a></div></td>
<td>0.003 s</td></tr>
<tr class="b">
<td align="left">-</td>
<td>Hash code does not match expected value when obscured is false ==&gt; expected: &lt;1237&gt; but was: &lt;1268&gt;</td>
<td>-</td></tr>
<tr class="a" id="org.openapitools.model.CredentialsObscuredGet200ResponseHashCodeTest.testHashCodeWhenObscuredIsFalse-failure" style="display:none;">
<td align="left">-</td>
<td>
<div class="source">
<pre>org.opentest4j.AssertionFailedError: Hash code does not match expected value when obscured is false ==&gt; expected: &lt;1237&gt; but was: &lt;1268&gt;
	at org.junit.jupiter.api.AssertionUtils.fail(AssertionUtils.java:55)
	at org.junit.jupiter.api.AssertionUtils.failNotEqual(AssertionUtils.java:62)
	at org.junit.jupiter.api.AssertEquals.assertEquals(AssertEquals.java:150)
	at org.junit.jupiter.api.Assertions.assertEquals(Assertions.java:559)
	at org.openapitools.model.CredentialsObscuredGet200ResponseHashCodeTest.testHashCodeWhenObscuredIsFalse(CredentialsObscuredGet200ResponseHashCodeTest.java:93)
	at java.base/jdk.internal.reflect.NativeMethodAccessorImpl.invoke0(Native Method)
	at java.base/jdk.internal.reflect.NativeMethodAccessorImpl.invoke(NativeMethodAccessorImpl.java:77)
	at java.base/jdk.internal.reflect.DelegatingMethodAccessorImpl.invoke(DelegatingMethodAccessorImpl.java:43)
	at java.base/java.lang.reflect.Method.invoke(Method.java:569)
	at org.junit.platform.commons.util.ReflectionUtils.invokeMethod(ReflectionUtils.java:725)
	at org.junit.jupiter.engine.execution.MethodInvocation.proceed(MethodInvocation.java:60)
	at org.junit.jupiter.engine.execution.InvocationInterceptorChain$ValidatingInvocation.proceed(InvocationInterceptorChain.java:131)
	at org.junit.jupiter.engine.extension.TimeoutExtension.intercept(TimeoutExtension.java:149)
	at org.junit.jupiter.engine.extension.TimeoutExtension.interceptTestableMethod(TimeoutExtension.java:140)
	at org.junit.jupiter.engine.extension.TimeoutExtension.interceptTestMethod(TimeoutExtension.java:84)
	at org.junit.jupiter.engine.execution.ExecutableInvoker$ReflectiveInterceptorCall.lambda$ofVoidMethod$0(ExecutableInvoker.java:115)
	at org.junit.jupiter.engine.execution.ExecutableInvoker.lambda$invoke$0(ExecutableInvoker.java:105)
	at org.junit.jupiter.engine.execution.InvocationInterceptorChain$InterceptedInvocation.proceed(InvocationInterceptorChain.java:106)
	at org.junit.jupiter.engine.execution.InvocationInterceptorChain.proceed(InvocationInterceptorChain.java:64)
	at org.junit.jupiter.engine.execution.InvocationInterceptorChain.chainAndInvoke(InvocationInterceptorChain.java:45)
	at org.junit.jupiter.engine.execution.InvocationInterceptorChain.invoke(InvocationInterceptorChain.java:37)
	at org.junit.jupiter.engine.execution.ExecutableInvoker.invoke(ExecutableInvoker.java:104)
	at org.junit.jupiter.engine.execution.ExecutableInvoker.invoke(ExecutableInvoker.java:98)
	at org.junit.jupiter.engine.descriptor.TestMethodTestDescriptor.lambda$invokeTestMethod$7(TestMethodTestDescriptor.java:214)
	at org.junit.platform.engine.support.hierarchical.ThrowableCollector.execute(ThrowableCollector.java:73)
	at org.junit.jupiter.engine.descriptor.TestMethodTestDescriptor.invokeTestMethod(TestMethodTestDescriptor.java:210)
	at org.junit.jupiter.engine.descriptor.TestMethodTestDescriptor.execute(TestMethodTestDescriptor.java:135)
	at org.junit.jupiter.engine.descriptor.TestMethodTestDescriptor.execute(TestMethodTestDescriptor.java:66)
	at org.junit.platform.engine.support.hierarchical.NodeTestTask.lambda$executeRecursively$6(NodeTestTask.java:151)
	at org.junit.platform.engine.support.hierarchical.ThrowableCollector.execute(ThrowableCollector.java:73)
	at org.junit.platform.engine.support.hierarchical.NodeTestTask.lambda$executeRecursively$8(NodeTestTask.java:141)
	at org.junit.platform.engine.support.hierarchical.Node.around(Node.java:137)
	at org.junit.platform.engine.support.hierarchical.NodeTestTask.lambda$executeRecursively$9(NodeTestTask.java:139)
	at org.junit.platform.engine.support.hierarchical.ThrowableCollector.execute(ThrowableCollector.java:73)
	at org.junit.platform.engine.support.hierarchical.NodeTestTask.executeRecursively(NodeTestTask.java:138)
	at org.junit.platform.engine.support.hierarchical.NodeTestTask.execute(NodeTestTask.java:95)
	at java.base/java.util.ArrayList.forEach(ArrayList.java:1511)
	at org.junit.platform.engine.support.hierarchical.SameThreadHierarchicalTestExecutorService.invokeAll(SameThreadHierarchicalTestExecutorService.java:41)
	at org.junit.platform.engine.support.hierarchical.NodeTestTask.lambda$executeRecursively$6(NodeTestTask.java:155)
	at org.junit.platform.engine.support.hierarchical.ThrowableCollector.execute(ThrowableCollector.java:73)
	at org.junit.platform.engine.support.hierarchical.NodeTestTask.lambda$executeRecursively$8(NodeTestTask.java:141)
	at org.junit.platform.engine.support.hierarchical.Node.around(Node.java:137)
	at org.junit.platform.engine.support.hierarchical.NodeTestTask.lambda$executeRecursively$9(NodeTestTask.java:139)
	at org.junit.platform.engine.support.hierarchical.ThrowableCollector.execute(ThrowableCollector.java:73)
	at org.junit.platform.engine.support.hierarchical.NodeTestTask.executeRecursively(NodeTestTask.java:138)
	at org.junit.platform.engine.support.hierarchical.NodeTestTask.execute(NodeTestTask.java:95)
	at java.base/java.util.ArrayList.forEach(ArrayList.java:1511)
	at org.junit.platform.engine.support.hierarchical.SameThreadHierarchicalTestExecutorService.invokeAll(SameThreadHierarchicalTestExecutorService.java:41)
	at org.junit.platform.engine.support.hierarchical.NodeTestTask.lambda$executeRecursively$6(NodeTestTask.java:155)
	at org.junit.platform.engine.support.hierarchical.ThrowableCollector.execute(ThrowableCollector.java:73)
	at org.junit.platform.engine.support.hierarchical.NodeTestTask.lambda$executeRecursively$8(NodeTestTask.java:141)
	at org.junit.platform.engine.support.hierarchical.Node.around(Node.java:137)
	at org.junit.platform.engine.support.hierarchical.NodeTestTask.lambda$executeRecursively$9(NodeTestTask.java:139)
	at org.junit.platform.engine.support.hierarchical.ThrowableCollector.execute(ThrowableCollector.java:73)
	at org.junit.platform.engine.support.hierarchical.NodeTestTask.executeRecursively(NodeTestTask.java:138)
	at org.junit.platform.engine.support.hierarchical.NodeTestTask.execute(NodeTestTask.java:95)
	at org.junit.platform.engine.support.hierarchical.SameThreadHierarchicalTestExecutorService.submit(SameThreadHierarchicalTestExecutorService.java:35)
	at org.junit.platform.engine.support.hierarchical.HierarchicalTestExecutor.execute(HierarchicalTestExecutor.java:57)
	at org.junit.platform.engine.support.hierarchical.HierarchicalTestEngine.execute(HierarchicalTestEngine.java:54)
	at org.junit.platform.launcher.core.EngineExecutionOrchestrator.execute(EngineExecutionOrchestrator.java:107)
	at org.junit.platform.launcher.core.EngineExecutionOrchestrator.execute(EngineExecutionOrchestrator.java:88)
	at org.junit.platform.launcher.core.EngineExecutionOrchestrator.lambda$execute$0(EngineExecutionOrchestrator.java:54)
	at org.junit.platform.launcher.core.EngineExecutionOrchestrator.withInterceptedStreams(EngineExecutionOrchestrator.java:67)
	at org.junit.platform.launcher.core.EngineExecutionOrchestrator.execute(EngineExecutionOrchestrator.java:52)
	at org.junit.platform.launcher.core.DefaultLauncher.execute(DefaultLauncher.java:114)
	at org.junit.platform.launcher.core.DefaultLauncher.execute(DefaultLauncher.java:86)
	at org.junit.platform.launcher.core.DefaultLauncherSession$DelegatingLauncher.execute(DefaultLauncherSession.java:86)
	at org.apache.maven.surefire.junitplatform.LazyLauncher.execute(LazyLauncher.java:56)
	at org.apache.maven.surefire.junitplatform.JUnitPlatformProvider.execute(JUnitPlatformProvider.java:184)
	at org.apache.maven.surefire.junitplatform.JUnitPlatformProvider.invokeAllTests(JUnitPlatformProvider.java:148)
	at org.apache.maven.surefire.junitplatform.JUnitPlatformProvider.invoke(JUnitPlatformProvider.java:122)
	at org.apache.maven.surefire.booter.ForkedBooter.runSuitesInProcess(ForkedBooter.java:385)
	at org.apache.maven.surefire.booter.ForkedBooter.execute(ForkedBooter.java:162)
	at org.apache.maven.surefire.booter.ForkedBooter.run(ForkedBooter.java:507)
	at org.apache.maven.surefire.booter.ForkedBooter.main(ForkedBooter.java:495)
</pre></div></td>
<td>-</td></tr>
<tr class="b">
<td align="left"><a href="#org.openapitools.model.CredentialsObscuredGet200ResponseHashCodeTest.testHashCodeWhenObscuredIsNull"><img src="images/icon_error_sml.gif" alt="" /></a></td>
<td><a id="TC_org.openapitools.model.CredentialsObscuredGet200ResponseHashCodeTest.testHashCodeWhenObscuredIsNull"></a><a href="#org.openapitools.model.CredentialsObscuredGet200ResponseHashCodeTest.testHashCodeWhenObscuredIsNull">testHashCodeWhenObscuredIsNull</a>
<div class="detailToggle" style="display:inline"><a href="javascript:toggleDisplay('org.openapitools.model.CredentialsObscuredGet200ResponseHashCodeTest.testHashCodeWhenObscuredIsNull');"><span style="display:inline;" id="org.openapitools.model.CredentialsObscuredGet200ResponseHashCodeTest.testHashCodeWhenObscuredIsNull-off"> + </span><span style="display:none;" id="org.openapitools.model.CredentialsObscuredGet200ResponseHashCodeTest.testHashCodeWhenObscuredIsNull-on"> - </span>[ Detail ]</a></div></td>
<td>0.002 s</td></tr>
<tr class="a">
<td align="left">-</td>
<td>Hash code does not match expected value when obscured is null ==&gt; expected: &lt;0&gt; but was: &lt;31&gt;</td>
<td>-</td></tr>
<tr class="b" id="org.openapitools.model.CredentialsObscuredGet200ResponseHashCodeTest.testHashCodeWhenObscuredIsNull-failure" style="display:none;">
<td align="left">-</td>
<td>
<div class="source">
<pre>org.opentest4j.AssertionFailedError: Hash code does not match expected value when obscured is null ==&gt; expected: &lt;0&gt; but was: &lt;31&gt;
	at org.junit.jupiter.api.AssertionUtils.fail(AssertionUtils.java:55)
	at org.junit.jupiter.api.AssertionUtils.failNotEqual(AssertionUtils.java:62)
	at org.junit.jupiter.api.AssertEquals.assertEquals(AssertEquals.java:150)
	at org.junit.jupiter.api.Assertions.assertEquals(Assertions.java:559)
	at org.openapitools.model.CredentialsObscuredGet200ResponseHashCodeTest.testHashCodeWhenObscuredIsNull(CredentialsObscuredGet200ResponseHashCodeTest.java:106)
	at java.base/jdk.internal.reflect.NativeMethodAccessorImpl.invoke0(Native Method)
	at java.base/jdk.internal.reflect.NativeMethodAccessorImpl.invoke(NativeMethodAccessorImpl.java:77)
	at java.base/jdk.internal.reflect.DelegatingMethodAccessorImpl.invoke(DelegatingMethodAccessorImpl.java:43)
	at java.base/java.lang.reflect.Method.invoke(Method.java:569)
	at org.junit.platform.commons.util.ReflectionUtils.invokeMethod(ReflectionUtils.java:725)
	at org.junit.jupiter.engine.execution.MethodInvocation.proceed(MethodInvocation.java:60)
	at org.junit.jupiter.engine.execution.InvocationInterceptorChain$ValidatingInvocation.proceed(InvocationInterceptorChain.java:131)
	at org.junit.jupiter.engine.extension.TimeoutExtension.intercept(TimeoutExtension.java:149)
	at org.junit.jupiter.engine.extension.TimeoutExtension.interceptTestableMethod(TimeoutExtension.java:140)
	at org.junit.jupiter.engine.extension.TimeoutExtension.interceptTestMethod(TimeoutExtension.java:84)
	at org.junit.jupiter.engine.execution.ExecutableInvoker$ReflectiveInterceptorCall.lambda$ofVoidMethod$0(ExecutableInvoker.java:115)
	at org.junit.jupiter.engine.execution.ExecutableInvoker.lambda$invoke$0(ExecutableInvoker.java:105)
	at org.junit.jupiter.engine.execution.InvocationInterceptorChain$InterceptedInvocation.proceed(InvocationInterceptorChain.java:106)
	at org.junit.jupiter.engine.execution.InvocationInterceptorChain.proceed(InvocationInterceptorChain.java:64)
	at org.junit.jupiter.engine.execution.InvocationInterceptorChain.chainAndInvoke(InvocationInterceptorChain.java:45)
	at org.junit.jupiter.engine.execution.InvocationInterceptorChain.invoke(InvocationInterceptorChain.java:37)
	at org.junit.jupiter.engine.execution.ExecutableInvoker.invoke(ExecutableInvoker.java:104)
	at org.junit.jupiter.engine.execution.ExecutableInvoker.invoke(ExecutableInvoker.java:98)
	at org.junit.jupiter.engine.descriptor.TestMethodTestDescriptor.lambda$invokeTestMethod$7(TestMethodTestDescriptor.java:214)
	at org.junit.platform.engine.support.hierarchical.ThrowableCollector.execute(ThrowableCollector.java:73)
	at org.junit.jupiter.engine.descriptor.TestMethodTestDescriptor.invokeTestMethod(TestMethodTestDescriptor.java:210)
	at org.junit.jupiter.engine.descriptor.TestMethodTestDescriptor.execute(TestMethodTestDescriptor.java:135)
	at org.junit.jupiter.engine.descriptor.TestMethodTestDescriptor.execute(TestMethodTestDescriptor.java:66)
	at org.junit.platform.engine.support.hierarchical.NodeTestTask.lambda$executeRecursively$6(NodeTestTask.java:151)
	at org.junit.platform.engine.support.hierarchical.ThrowableCollector.execute(ThrowableCollector.java:73)
	at org.junit.platform.engine.support.hierarchical.NodeTestTask.lambda$executeRecursively$8(NodeTestTask.java:141)
	at org.junit.platform.engine.support.hierarchical.Node.around(Node.java:137)
	at org.junit.platform.engine.support.hierarchical.NodeTestTask.lambda$executeRecursively$9(NodeTestTask.java:139)
	at org.junit.platform.engine.support.hierarchical.ThrowableCollector.execute(ThrowableCollector.java:73)
	at org.junit.platform.engine.support.hierarchical.NodeTestTask.executeRecursively(NodeTestTask.java:138)
	at org.junit.platform.engine.support.hierarchical.NodeTestTask.execute(NodeTestTask.java:95)
	at java.base/java.util.ArrayList.forEach(ArrayList.java:1511)
	at org.junit.platform.engine.support.hierarchical.SameThreadHierarchicalTestExecutorService.invokeAll(SameThreadHierarchicalTestExecutorService.java:41)
	at org.junit.platform.engine.support.hierarchical.NodeTestTask.lambda$executeRecursively$6(NodeTestTask.java:155)
	at org.junit.platform.engine.support.hierarchical.ThrowableCollector.execute(ThrowableCollector.java:73)
	at org.junit.platform.engine.support.hierarchical.NodeTestTask.lambda$executeRecursively$8(NodeTestTask.java:141)
	at org.junit.platform.engine.support.hierarchical.Node.around(Node.java:137)
	at org.junit.platform.engine.support.hierarchical.NodeTestTask.lambda$executeRecursively$9(NodeTestTask.java:139)
	at org.junit.platform.engine.support.hierarchical.ThrowableCollector.execute(ThrowableCollector.java:73)
	at org.junit.platform.engine.support.hierarchical.NodeTestTask.executeRecursively(NodeTestTask.java:138)
	at org.junit.platform.engine.support.hierarchical.NodeTestTask.execute(NodeTestTask.java:95)
	at java.base/java.util.ArrayList.forEach(ArrayList.java:1511)
	at org.junit.platform.engine.support.hierarchical.SameThreadHierarchicalTestExecutorService.invokeAll(SameThreadHierarchicalTestExecutorService.java:41)
	at org.junit.platform.engine.support.hierarchical.NodeTestTask.lambda$executeRecursively$6(NodeTestTask.java:155)
	at org.junit.platform.engine.support.hierarchical.ThrowableCollector.execute(ThrowableCollector.java:73)
	at org.junit.platform.engine.support.hierarchical.NodeTestTask.lambda$executeRecursively$8(NodeTestTask.java:141)
	at org.junit.platform.engine.support.hierarchical.Node.around(Node.java:137)
	at org.junit.platform.engine.support.hierarchical.NodeTestTask.lambda$executeRecursively$9(NodeTestTask.java:139)
	at org.junit.platform.engine.support.hierarchical.ThrowableCollector.execute(ThrowableCollector.java:73)
	at org.junit.platform.engine.support.hierarchical.NodeTestTask.executeRecursively(NodeTestTask.java:138)
	at org.junit.platform.engine.support.hierarchical.NodeTestTask.execute(NodeTestTask.java:95)
	at org.junit.platform.engine.support.hierarchical.SameThreadHierarchicalTestExecutorService.submit(SameThreadHierarchicalTestExecutorService.java:35)
	at org.junit.platform.engine.support.hierarchical.HierarchicalTestExecutor.execute(HierarchicalTestExecutor.java:57)
	at org.junit.platform.engine.support.hierarchical.HierarchicalTestEngine.execute(HierarchicalTestEngine.java:54)
	at org.junit.platform.launcher.core.EngineExecutionOrchestrator.execute(EngineExecutionOrchestrator.java:107)
	at org.junit.platform.launcher.core.EngineExecutionOrchestrator.execute(EngineExecutionOrchestrator.java:88)
	at org.junit.platform.launcher.core.EngineExecutionOrchestrator.lambda$execute$0(EngineExecutionOrchestrator.java:54)
	at org.junit.platform.launcher.core.EngineExecutionOrchestrator.withInterceptedStreams(EngineExecutionOrchestrator.java:67)
	at org.junit.platform.launcher.core.EngineExecutionOrchestrator.execute(EngineExecutionOrchestrator.java:52)
	at org.junit.platform.launcher.core.DefaultLauncher.execute(DefaultLauncher.java:114)
	at org.junit.platform.launcher.core.DefaultLauncher.execute(DefaultLauncher.java:86)
	at org.junit.platform.launcher.core.DefaultLauncherSession$DelegatingLauncher.execute(DefaultLauncherSession.java:86)
	at org.apache.maven.surefire.junitplatform.LazyLauncher.execute(LazyLauncher.java:56)
	at org.apache.maven.surefire.junitplatform.JUnitPlatformProvider.execute(JUnitPlatformProvider.java:184)
	at org.apache.maven.surefire.junitplatform.JUnitPlatformProvider.invokeAllTests(JUnitPlatformProvider.java:148)
	at org.apache.maven.surefire.junitplatform.JUnitPlatformProvider.invoke(JUnitPlatformProvider.java:122)
	at org.apache.maven.surefire.booter.ForkedBooter.runSuitesInProcess(ForkedBooter.java:385)
	at org.apache.maven.surefire.booter.ForkedBooter.execute(ForkedBooter.java:162)
	at org.apache.maven.surefire.booter.ForkedBooter.run(ForkedBooter.java:507)
	at org.apache.maven.surefire.booter.ForkedBooter.main(ForkedBooter.java:495)
</pre></div></td>
<td>-</td></tr>
<tr class="a">
<td align="left"><a href="#org.openapitools.model.CredentialsObscuredGet200ResponseHashCodeTest.testHashCodeWhenObscuredIsTrue"><img src="images/icon_error_sml.gif" alt="" /></a></td>
<td><a id="TC_org.openapitools.model.CredentialsObscuredGet200ResponseHashCodeTest.testHashCodeWhenObscuredIsTrue"></a><a href="#org.openapitools.model.CredentialsObscuredGet200ResponseHashCodeTest.testHashCodeWhenObscuredIsTrue">testHashCodeWhenObscuredIsTrue</a>
<div class="detailToggle" style="display:inline"><a href="javascript:toggleDisplay('org.openapitools.model.CredentialsObscuredGet200ResponseHashCodeTest.testHashCodeWhenObscuredIsTrue');"><span style="display:inline;" id="org.openapitools.model.CredentialsObscuredGet200ResponseHashCodeTest.testHashCodeWhenObscuredIsTrue-off"> + </span><span style="display:none;" id="org.openapitools.model.CredentialsObscuredGet200ResponseHashCodeTest.testHashCodeWhenObscuredIsTrue-on"> - </span>[ Detail ]</a></div></td>
<td>0.001 s</td></tr>
<tr class="b">
<td align="left">-</td>
<td>Hash code does not match expected value when obscured is true ==&gt; expected: &lt;1231&gt; but was: &lt;1262&gt;</td>
<td>-</td></tr>
<tr class="a" id="org.openapitools.model.CredentialsObscuredGet200ResponseHashCodeTest.testHashCodeWhenObscuredIsTrue-failure" style="display:none;">
<td align="left">-</td>
<td>
<div class="source">
<pre>org.opentest4j.AssertionFailedError: Hash code does not match expected value when obscured is true ==&gt; expected: &lt;1231&gt; but was: &lt;1262&gt;
	at org.junit.jupiter.api.AssertionUtils.fail(AssertionUtils.java:55)
	at org.junit.jupiter.api.AssertionUtils.failNotEqual(AssertionUtils.java:62)
	at org.junit.jupiter.api.AssertEquals.assertEquals(AssertEquals.java:150)
	at org.junit.jupiter.api.Assertions.assertEquals(Assertions.java:559)
	at org.openapitools.model.CredentialsObscuredGet200ResponseHashCodeTest.testHashCodeWhenObscuredIsTrue(CredentialsObscuredGet200ResponseHashCodeTest.java:80)
	at java.base/jdk.internal.reflect.NativeMethodAccessorImpl.invoke0(Native Method)
	at java.base/jdk.internal.reflect.NativeMethodAccessorImpl.invoke(NativeMethodAccessorImpl.java:77)
	at java.base/jdk.internal.reflect.DelegatingMethodAccessorImpl.invoke(DelegatingMethodAccessorImpl.java:43)
	at java.base/java.lang.reflect.Method.invoke(Method.java:569)
	at org.junit.platform.commons.util.ReflectionUtils.invokeMethod(ReflectionUtils.java:725)
	at org.junit.jupiter.engine.execution.MethodInvocation.proceed(MethodInvocation.java:60)
	at org.junit.jupiter.engine.execution.InvocationInterceptorChain$ValidatingInvocation.proceed(InvocationInterceptorChain.java:131)
	at org.junit.jupiter.engine.extension.TimeoutExtension.intercept(TimeoutExtension.java:149)
	at org.junit.jupiter.engine.extension.TimeoutExtension.interceptTestableMethod(TimeoutExtension.java:140)
	at org.junit.jupiter.engine.extension.TimeoutExtension.interceptTestMethod(TimeoutExtension.java:84)
	at org.junit.jupiter.engine.execution.ExecutableInvoker$ReflectiveInterceptorCall.lambda$ofVoidMethod$0(ExecutableInvoker.java:115)
	at org.junit.jupiter.engine.execution.ExecutableInvoker.lambda$invoke$0(ExecutableInvoker.java:105)
	at org.junit.jupiter.engine.execution.InvocationInterceptorChain$InterceptedInvocation.proceed(InvocationInterceptorChain.java:106)
	at org.junit.jupiter.engine.execution.InvocationInterceptorChain.proceed(InvocationInterceptorChain.java:64)
	at org.junit.jupiter.engine.execution.InvocationInterceptorChain.chainAndInvoke(InvocationInterceptorChain.java:45)
	at org.junit.jupiter.engine.execution.InvocationInterceptorChain.invoke(InvocationInterceptorChain.java:37)
	at org.junit.jupiter.engine.execution.ExecutableInvoker.invoke(ExecutableInvoker.java:104)
	at org.junit.jupiter.engine.execution.ExecutableInvoker.invoke(ExecutableInvoker.java:98)
	at org.junit.jupiter.engine.descriptor.TestMethodTestDescriptor.lambda$invokeTestMethod$7(TestMethodTestDescriptor.java:214)
	at org.junit.platform.engine.support.hierarchical.ThrowableCollector.execute(ThrowableCollector.java:73)
	at org.junit.jupiter.engine.descriptor.TestMethodTestDescriptor.invokeTestMethod(TestMethodTestDescriptor.java:210)
	at org.junit.jupiter.engine.descriptor.TestMethodTestDescriptor.execute(TestMethodTestDescriptor.java:135)
	at org.junit.jupiter.engine.descriptor.TestMethodTestDescriptor.execute(TestMethodTestDescriptor.java:66)
	at org.junit.platform.engine.support.hierarchical.NodeTestTask.lambda$executeRecursively$6(NodeTestTask.java:151)
	at org.junit.platform.engine.support.hierarchical.ThrowableCollector.execute(ThrowableCollector.java:73)
	at org.junit.platform.engine.support.hierarchical.NodeTestTask.lambda$executeRecursively$8(NodeTestTask.java:141)
	at org.junit.platform.engine.support.hierarchical.Node.around(Node.java:137)
	at org.junit.platform.engine.support.hierarchical.NodeTestTask.lambda$executeRecursively$9(NodeTestTask.java:139)
	at org.junit.platform.engine.support.hierarchical.ThrowableCollector.execute(ThrowableCollector.java:73)
	at org.junit.platform.engine.support.hierarchical.NodeTestTask.executeRecursively(NodeTestTask.java:138)
	at org.junit.platform.engine.support.hierarchical.NodeTestTask.execute(NodeTestTask.java:95)
	at java.base/java.util.ArrayList.forEach(ArrayList.java:1511)
	at org.junit.platform.engine.support.hierarchical.SameThreadHierarchicalTestExecutorService.invokeAll(SameThreadHierarchicalTestExecutorService.java:41)
	at org.junit.platform.engine.support.hierarchical.NodeTestTask.lambda$executeRecursively$6(NodeTestTask.java:155)
	at org.junit.platform.engine.support.hierarchical.ThrowableCollector.execute(ThrowableCollector.java:73)
	at org.junit.platform.engine.support.hierarchical.NodeTestTask.lambda$executeRecursively$8(NodeTestTask.java:141)
	at org.junit.platform.engine.support.hierarchical.Node.around(Node.java:137)
	at org.junit.platform.engine.support.hierarchical.NodeTestTask.lambda$executeRecursively$9(NodeTestTask.java:139)
	at org.junit.platform.engine.support.hierarchical.ThrowableCollector.execute(ThrowableCollector.java:73)
	at org.junit.platform.engine.support.hierarchical.NodeTestTask.executeRecursively(NodeTestTask.java:138)
	at org.junit.platform.engine.support.hierarchical.NodeTestTask.execute(NodeTestTask.java:95)
	at java.base/java.util.ArrayList.forEach(ArrayList.java:1511)
	at org.junit.platform.engine.support.hierarchical.SameThreadHierarchicalTestExecutorService.invokeAll(SameThreadHierarchicalTestExecutorService.java:41)
	at org.junit.platform.engine.support.hierarchical.NodeTestTask.lambda$executeRecursively$6(NodeTestTask.java:155)
	at org.junit.platform.engine.support.hierarchical.ThrowableCollector.execute(ThrowableCollector.java:73)
	at org.junit.platform.engine.support.hierarchical.NodeTestTask.lambda$executeRecursively$8(NodeTestTask.java:141)
	at org.junit.platform.engine.support.hierarchical.Node.around(Node.java:137)
	at org.junit.platform.engine.support.hierarchical.NodeTestTask.lambda$executeRecursively$9(NodeTestTask.java:139)
	at org.junit.platform.engine.support.hierarchical.ThrowableCollector.execute(ThrowableCollector.java:73)
	at org.junit.platform.engine.support.hierarchical.NodeTestTask.executeRecursively(NodeTestTask.java:138)
	at org.junit.platform.engine.support.hierarchical.NodeTestTask.execute(NodeTestTask.java:95)
	at org.junit.platform.engine.support.hierarchical.SameThreadHierarchicalTestExecutorService.submit(SameThreadHierarchicalTestExecutorService.java:35)
	at org.junit.platform.engine.support.hierarchical.HierarchicalTestExecutor.execute(HierarchicalTestExecutor.java:57)
	at org.junit.platform.engine.support.hierarchical.HierarchicalTestEngine.execute(HierarchicalTestEngine.java:54)
	at org.junit.platform.launcher.core.EngineExecutionOrchestrator.execute(EngineExecutionOrchestrator.java:107)
	at org.junit.platform.launcher.core.EngineExecutionOrchestrator.execute(EngineExecutionOrchestrator.java:88)
	at org.junit.platform.launcher.core.EngineExecutionOrchestrator.lambda$execute$0(EngineExecutionOrchestrator.java:54)
	at org.junit.platform.launcher.core.EngineExecutionOrchestrator.withInterceptedStreams(EngineExecutionOrchestrator.java:67)
	at org.junit.platform.launcher.core.EngineExecutionOrchestrator.execute(EngineExecutionOrchestrator.java:52)
	at org.junit.platform.launcher.core.DefaultLauncher.execute(DefaultLauncher.java:114)
	at org.junit.platform.launcher.core.DefaultLauncher.execute(DefaultLauncher.java:86)
	at org.junit.platform.launcher.core.DefaultLauncherSession$DelegatingLauncher.execute(DefaultLauncherSession.java:86)
	at org.apache.maven.surefire.junitplatform.LazyLauncher.execute(LazyLauncher.java:56)
	at org.apache.maven.surefire.junitplatform.JUnitPlatformProvider.execute(JUnitPlatformProvider.java:184)
	at org.apache.maven.surefire.junitplatform.JUnitPlatformProvider.invokeAllTests(JUnitPlatformProvider.java:148)
	at org.apache.maven.surefire.junitplatform.JUnitPlatformProvider.invoke(JUnitPlatformProvider.java:122)
	at org.apache.maven.surefire.booter.ForkedBooter.runSuitesInProcess(ForkedBooter.java:385)
	at org.apache.maven.surefire.booter.ForkedBooter.execute(ForkedBooter.java:162)
	at org.apache.maven.surefire.booter.ForkedBooter.run(ForkedBooter.java:507)
	at org.apache.maven.surefire.booter.ForkedBooter.main(ForkedBooter.java:495)
</pre></div></td>
<td>-</td></tr></table></section><section><a id="org.openapitools.OpenApiGeneratorApplicationJsonNullableModuleTest"></a>
<h3><a name="OpenApiGeneratorApplicationJsonNullableModuleTest"></a>OpenApiGeneratorApplicationJsonNullableModuleTest</h3>
<table border="0" class="bodyTable">
<tr class="a">
<td align="left"><img src="images/icon_success_sml.gif" alt="" /></td>
<td><a id="TC_org.openapitools.OpenApiGeneratorApplicationJsonNullableModuleTest.testJsonNullableModuleReturnInstance"></a>testJsonNullableModuleReturnInstance</td>
<td>0.092 s</td></tr>
<tr class="b">
<td align="left"><img src="images/icon_success_sml.gif" alt="" /></td>
<td><a id="TC_org.openapitools.OpenApiGeneratorApplicationJsonNullableModuleTest.testJsonNullableModuleReturnsNewInstance"></a>testJsonNullableModuleReturnsNewInstance</td>
<td>0.006 s</td></tr></table></section><section><a id="org.openapitools.model.CredentialsObscuredGet200ResponseToStringTest"></a>
<h3><a name="CredentialsObscuredGet200ResponseToStringTest"></a>CredentialsObscuredGet200ResponseToStringTest</h3>
<table border="0" class="bodyTable">
<tr class="a">
<td align="left"><img src="images/icon_success_sml.gif" alt="" /></td>
<td><a id="TC_org.openapitools.model.CredentialsObscuredGet200ResponseToStringTest.testToStringWhenObscuredIsNull"></a>testToStringWhenObscuredIsNull</td>
<td>0.001 s</td></tr>
<tr class="b">
<td align="left"><img src="images/icon_success_sml.gif" alt="" /></td>
<td><a id="TC_org.openapitools.model.CredentialsObscuredGet200ResponseToStringTest.testToStringWhenObscuredIsTrue"></a>testToStringWhenObscuredIsTrue</td>
<td>0.001 s</td></tr>
<tr class="a">
<td align="left"><img src="images/icon_success_sml.gif" alt="" /></td>
<td><a id="TC_org.openapitools.model.CredentialsObscuredGet200ResponseToStringTest.testToStringWhenObscuredIsFalse"></a>testToStringWhenObscuredIsFalse</td>
<td>0.001 s</td></tr></table></section><section><a id="org.openapitools.api.ApiUtilSetExampleResponseTest"></a>
<h3><a name="ApiUtilSetExampleResponseTest"></a>ApiUtilSetExampleResponseTest</h3>
<table border="0" class="bodyTable">
<tr class="a">
<td align="left"><img src="images/icon_success_sml.gif" alt="" /></td>
<td><a id="TC_org.openapitools.api.ApiUtilSetExampleResponseTest.testIOExceptionInSetExampleResponse"></a>testIOExceptionInSetExampleResponse</td>
<td>0.296 s</td></tr>
<tr class="b">
<td align="left"><a href="#org.openapitools.api.ApiUtilSetExampleResponseTest.testValidSetExampleResponse"><img src="images/icon_error_sml.gif" alt="" /></a></td>
<td><a id="TC_org.openapitools.api.ApiUtilSetExampleResponseTest.testValidSetExampleResponse"></a><a href="#org.openapitools.api.ApiUtilSetExampleResponseTest.testValidSetExampleResponse">testValidSetExampleResponse</a>
<div class="detailToggle" style="display:inline"><a href="javascript:toggleDisplay('org.openapitools.api.ApiUtilSetExampleResponseTest.testValidSetExampleResponse');"><span style="display:inline;" id="org.openapitools.api.ApiUtilSetExampleResponseTest.testValidSetExampleResponse-off"> + </span><span style="display:none;" id="org.openapitools.api.ApiUtilSetExampleResponseTest.testValidSetExampleResponse-on"> - </span>[ Detail ]</a></div></td>
<td>0.003 s</td></tr>
<tr class="a">
<td align="left">-</td>
<td>Cannot invoke &quot;java.io.PrintWriter.print(String)&quot; because the return value of &quot;javax.servlet.http.HttpServletResponse.getWriter()&quot; is null</td>
<td>-</td></tr>
<tr class="b" id="org.openapitools.api.ApiUtilSetExampleResponseTest.testValidSetExampleResponse-error" style="display:none;">
<td align="left">-</td>
<td>
<div class="source">
<pre>java.lang.NullPointerException: Cannot invoke &quot;java.io.PrintWriter.print(String)&quot; because the return value of &quot;javax.servlet.http.HttpServletResponse.getWriter()&quot; is null
	at org.openapitools.api.ApiUtil.setExampleResponse(ApiUtil.java:15)
	at org.openapitools.api.ApiUtilSetExampleResponseTest.testValidSetExampleResponse(ApiUtilSetExampleResponseTest.java:71)
	at java.base/jdk.internal.reflect.NativeMethodAccessorImpl.invoke0(Native Method)
	at java.base/jdk.internal.reflect.NativeMethodAccessorImpl.invoke(NativeMethodAccessorImpl.java:77)
	at java.base/jdk.internal.reflect.DelegatingMethodAccessorImpl.invoke(DelegatingMethodAccessorImpl.java:43)
	at java.base/java.lang.reflect.Method.invoke(Method.java:569)
	at org.junit.platform.commons.util.ReflectionUtils.invokeMethod(ReflectionUtils.java:725)
	at org.junit.jupiter.engine.execution.MethodInvocation.proceed(MethodInvocation.java:60)
	at org.junit.jupiter.engine.execution.InvocationInterceptorChain$ValidatingInvocation.proceed(InvocationInterceptorChain.java:131)
	at org.junit.jupiter.engine.extension.TimeoutExtension.intercept(TimeoutExtension.java:149)
	at org.junit.jupiter.engine.extension.TimeoutExtension.interceptTestableMethod(TimeoutExtension.java:140)
	at org.junit.jupiter.engine.extension.TimeoutExtension.interceptTestMethod(TimeoutExtension.java:84)
	at org.junit.jupiter.engine.execution.ExecutableInvoker$ReflectiveInterceptorCall.lambda$ofVoidMethod$0(ExecutableInvoker.java:115)
	at org.junit.jupiter.engine.execution.ExecutableInvoker.lambda$invoke$0(ExecutableInvoker.java:105)
	at org.junit.jupiter.engine.execution.InvocationInterceptorChain$InterceptedInvocation.proceed(InvocationInterceptorChain.java:106)
	at org.junit.jupiter.engine.execution.InvocationInterceptorChain.proceed(InvocationInterceptorChain.java:64)
	at org.junit.jupiter.engine.execution.InvocationInterceptorChain.chainAndInvoke(InvocationInterceptorChain.java:45)
	at org.junit.jupiter.engine.execution.InvocationInterceptorChain.invoke(InvocationInterceptorChain.java:37)
	at org.junit.jupiter.engine.execution.ExecutableInvoker.invoke(ExecutableInvoker.java:104)
	at org.junit.jupiter.engine.execution.ExecutableInvoker.invoke(ExecutableInvoker.java:98)
	at org.junit.jupiter.engine.descriptor.TestMethodTestDescriptor.lambda$invokeTestMethod$7(TestMethodTestDescriptor.java:214)
	at org.junit.platform.engine.support.hierarchical.ThrowableCollector.execute(ThrowableCollector.java:73)
	at org.junit.jupiter.engine.descriptor.TestMethodTestDescriptor.invokeTestMethod(TestMethodTestDescriptor.java:210)
	at org.junit.jupiter.engine.descriptor.TestMethodTestDescriptor.execute(TestMethodTestDescriptor.java:135)
	at org.junit.jupiter.engine.descriptor.TestMethodTestDescriptor.execute(TestMethodTestDescriptor.java:66)
	at org.junit.platform.engine.support.hierarchical.NodeTestTask.lambda$executeRecursively$6(NodeTestTask.java:151)
	at org.junit.platform.engine.support.hierarchical.ThrowableCollector.execute(ThrowableCollector.java:73)
	at org.junit.platform.engine.support.hierarchical.NodeTestTask.lambda$executeRecursively$8(NodeTestTask.java:141)
	at org.junit.platform.engine.support.hierarchical.Node.around(Node.java:137)
	at org.junit.platform.engine.support.hierarchical.NodeTestTask.lambda$executeRecursively$9(NodeTestTask.java:139)
	at org.junit.platform.engine.support.hierarchical.ThrowableCollector.execute(ThrowableCollector.java:73)
	at org.junit.platform.engine.support.hierarchical.NodeTestTask.executeRecursively(NodeTestTask.java:138)
	at org.junit.platform.engine.support.hierarchical.NodeTestTask.execute(NodeTestTask.java:95)
	at java.base/java.util.ArrayList.forEach(ArrayList.java:1511)
	at org.junit.platform.engine.support.hierarchical.SameThreadHierarchicalTestExecutorService.invokeAll(SameThreadHierarchicalTestExecutorService.java:41)
	at org.junit.platform.engine.support.hierarchical.NodeTestTask.lambda$executeRecursively$6(NodeTestTask.java:155)
	at org.junit.platform.engine.support.hierarchical.ThrowableCollector.execute(ThrowableCollector.java:73)
	at org.junit.platform.engine.support.hierarchical.NodeTestTask.lambda$executeRecursively$8(NodeTestTask.java:141)
	at org.junit.platform.engine.support.hierarchical.Node.around(Node.java:137)
	at org.junit.platform.engine.support.hierarchical.NodeTestTask.lambda$executeRecursively$9(NodeTestTask.java:139)
	at org.junit.platform.engine.support.hierarchical.ThrowableCollector.execute(ThrowableCollector.java:73)
	at org.junit.platform.engine.support.hierarchical.NodeTestTask.executeRecursively(NodeTestTask.java:138)
	at org.junit.platform.engine.support.hierarchical.NodeTestTask.execute(NodeTestTask.java:95)
	at java.base/java.util.ArrayList.forEach(ArrayList.java:1511)
	at org.junit.platform.engine.support.hierarchical.SameThreadHierarchicalTestExecutorService.invokeAll(SameThreadHierarchicalTestExecutorService.java:41)
	at org.junit.platform.engine.support.hierarchical.NodeTestTask.lambda$executeRecursively$6(NodeTestTask.java:155)
	at org.junit.platform.engine.support.hierarchical.ThrowableCollector.execute(ThrowableCollector.java:73)
	at org.junit.platform.engine.support.hierarchical.NodeTestTask.lambda$executeRecursively$8(NodeTestTask.java:141)
	at org.junit.platform.engine.support.hierarchical.Node.around(Node.java:137)
	at org.junit.platform.engine.support.hierarchical.NodeTestTask.lambda$executeRecursively$9(NodeTestTask.java:139)
	at org.junit.platform.engine.support.hierarchical.ThrowableCollector.execute(ThrowableCollector.java:73)
	at org.junit.platform.engine.support.hierarchical.NodeTestTask.executeRecursively(NodeTestTask.java:138)
	at org.junit.platform.engine.support.hierarchical.NodeTestTask.execute(NodeTestTask.java:95)
	at org.junit.platform.engine.support.hierarchical.SameThreadHierarchicalTestExecutorService.submit(SameThreadHierarchicalTestExecutorService.java:35)
	at org.junit.platform.engine.support.hierarchical.HierarchicalTestExecutor.execute(HierarchicalTestExecutor.java:57)
	at org.junit.platform.engine.support.hierarchical.HierarchicalTestEngine.execute(HierarchicalTestEngine.java:54)
	at org.junit.platform.launcher.core.EngineExecutionOrchestrator.execute(EngineExecutionOrchestrator.java:107)
	at org.junit.platform.launcher.core.EngineExecutionOrchestrator.execute(EngineExecutionOrchestrator.java:88)
	at org.junit.platform.launcher.core.EngineExecutionOrchestrator.lambda$execute$0(EngineExecutionOrchestrator.java:54)
	at org.junit.platform.launcher.core.EngineExecutionOrchestrator.withInterceptedStreams(EngineExecutionOrchestrator.java:67)
	at org.junit.platform.launcher.core.EngineExecutionOrchestrator.execute(EngineExecutionOrchestrator.java:52)
	at org.junit.platform.launcher.core.DefaultLauncher.execute(DefaultLauncher.java:114)
	at org.junit.platform.launcher.core.DefaultLauncher.execute(DefaultLauncher.java:86)
	at org.junit.platform.launcher.core.DefaultLauncherSession$DelegatingLauncher.execute(DefaultLauncherSession.java:86)
	at org.apache.maven.surefire.junitplatform.LazyLauncher.execute(LazyLauncher.java:56)
	at org.apache.maven.surefire.junitplatform.JUnitPlatformProvider.execute(JUnitPlatformProvider.java:184)
	at org.apache.maven.surefire.junitplatform.JUnitPlatformProvider.invokeAllTests(JUnitPlatformProvider.java:148)
	at org.apache.maven.surefire.junitplatform.JUnitPlatformProvider.invoke(JUnitPlatformProvider.java:122)
	at org.apache.maven.surefire.booter.ForkedBooter.runSuitesInProcess(ForkedBooter.java:385)
	at org.apache.maven.surefire.booter.ForkedBooter.execute(ForkedBooter.java:162)
	at org.apache.maven.surefire.booter.ForkedBooter.run(ForkedBooter.java:507)
	at org.apache.maven.surefire.booter.ForkedBooter.main(ForkedBooter.java:495)
</pre></div></td>
<td>-</td></tr>
<tr class="a">
<td align="left"><img src="images/icon_success_sml.gif" alt="" /></td>
<td><a id="TC_org.openapitools.api.ApiUtilSetExampleResponseTest.testNullRequestInSetExampleResponse"></a>testNullRequestInSetExampleResponse</td>
<td>0.001 s</td></tr></table></section><section><a id="org.openapitools.model.LoginButtonStatusGet200ResponseEqualsTest"></a>
<h3><a name="LoginButtonStatusGet200ResponseEqualsTest"></a>LoginButtonStatusGet200ResponseEqualsTest</h3>
<table border="0" class="bodyTable">
<tr class="a">
<td align="left"><img src="images/icon_success_sml.gif" alt="" /></td>
<td><a id="TC_org.openapitools.model.LoginButtonStatusGet200ResponseEqualsTest.validateEqualsMethodWithDifferentStatusObjects"></a>validateEqualsMethodWithDifferentStatusObjects</td>
<td>0.001 s</td></tr>
<tr class="b">
<td align="left"><img src="images/icon_success_sml.gif" alt="" /></td>
<td><a id="TC_org.openapitools.model.LoginButtonStatusGet200ResponseEqualsTest.validateEqualsMethodWithDifferentClassObject"></a>validateEqualsMethodWithDifferentClassObject</td>
<td>0.001 s</td></tr>
<tr class="a">
<td align="left"><img src="images/icon_success_sml.gif" alt="" /></td>
<td><a id="TC_org.openapitools.model.LoginButtonStatusGet200ResponseEqualsTest.validateEqualsMethodWithSameStatusObjects"></a>validateEqualsMethodWithSameStatusObjects</td>
<td>0.001 s</td></tr>
<tr class="b">
<td align="left"><img src="images/icon_success_sml.gif" alt="" /></td>
<td><a id="TC_org.openapitools.model.LoginButtonStatusGet200ResponseEqualsTest.validateEqualsMethodWithNullObject"></a>validateEqualsMethodWithNullObject</td>
<td>0.001 s</td></tr>
<tr class="a">
<td align="left"><img src="images/icon_success_sml.gif" alt="" /></td>
<td><a id="TC_org.openapitools.model.LoginButtonStatusGet200ResponseEqualsTest.validateEqualsMethodWithSameObjects"></a>validateEqualsMethodWithSameObjects</td>
<td>0.001 s</td></tr></table></section><section><a id="org.openapitools.model.UsernamePostRequestGetTextTest"></a>
<h3><a name="UsernamePostRequestGetTextTest"></a>UsernamePostRequestGetTextTest</h3>
<table border="0" class="bodyTable">
<tr class="a">
<td align="left"><img src="images/icon_success_sml.gif" alt="" /></td>
<td><a id="TC_org.openapitools.model.UsernamePostRequestGetTextTest.getTextReturnsNullForUninitializedText"></a>getTextReturnsNullForUninitializedText</td>
<td>0.004 s</td></tr>
<tr class="b">
<td align="left"><img src="images/icon_success_sml.gif" alt="" /></td>
<td><a id="TC_org.openapitools.model.UsernamePostRequestGetTextTest.getTextReturnsCorrectValue"></a>getTextReturnsCorrectValue</td>
<td>0.003 s</td></tr>
<tr class="a">
<td align="left"><img src="images/icon_success_sml.gif" alt="" /></td>
<td><a id="TC_org.openapitools.model.UsernamePostRequestGetTextTest.getTextReturnsEmptyString"></a>getTextReturnsEmptyString</td>
<td>0 s</td></tr></table></section><section><a id="org.openapitools.Rfc3339DateFormatFormatTest"></a>
<h3><a name="Rfc3339DateFormatFormatTest"></a>Rfc3339DateFormatFormatTest</h3>
<table border="0" class="bodyTable">
<tr class="a">
<td align="left"><a href="#org.openapitools.Rfc3339DateFormatFormatTest.testFormatWithNullFieldPosition"><img src="images/icon_error_sml.gif" alt="" /></a></td>
<td><a id="TC_org.openapitools.Rfc3339DateFormatFormatTest.testFormatWithNullFieldPosition"></a><a href="#org.openapitools.Rfc3339DateFormatFormatTest.testFormatWithNullFieldPosition">testFormatWithNullFieldPosition</a>
<div class="detailToggle" style="display:inline"><a href="javascript:toggleDisplay('org.openapitools.Rfc3339DateFormatFormatTest.testFormatWithNullFieldPosition');"><span style="display:inline;" id="org.openapitools.Rfc3339DateFormatFormatTest.testFormatWithNullFieldPosition-off"> + </span><span style="display:none;" id="org.openapitools.Rfc3339DateFormatFormatTest.testFormatWithNullFieldPosition-on"> - </span>[ Detail ]</a></div></td>
<td>0.005 s</td></tr>
<tr class="b">
<td align="left">-</td>
<td>Expected java.lang.NullPointerException to be thrown, but nothing was thrown.</td>
<td>-</td></tr>
<tr class="a" id="org.openapitools.Rfc3339DateFormatFormatTest.testFormatWithNullFieldPosition-failure" style="display:none;">
<td align="left">-</td>
<td>
<div class="source">
<pre>org.opentest4j.AssertionFailedError: Expected java.lang.NullPointerException to be thrown, but nothing was thrown.
	at org.junit.jupiter.api.AssertThrows.assertThrows(AssertThrows.java:71)
	at org.junit.jupiter.api.AssertThrows.assertThrows(AssertThrows.java:37)
	at org.junit.jupiter.api.Assertions.assertThrows(Assertions.java:3082)
	at org.openapitools.Rfc3339DateFormatFormatTest.testFormatWithNullFieldPosition(Rfc3339DateFormatFormatTest.java:112)
	at java.base/jdk.internal.reflect.NativeMethodAccessorImpl.invoke0(Native Method)
	at java.base/jdk.internal.reflect.NativeMethodAccessorImpl.invoke(NativeMethodAccessorImpl.java:77)
	at java.base/jdk.internal.reflect.DelegatingMethodAccessorImpl.invoke(DelegatingMethodAccessorImpl.java:43)
	at java.base/java.lang.reflect.Method.invoke(Method.java:569)
	at org.junit.platform.commons.util.ReflectionUtils.invokeMethod(ReflectionUtils.java:725)
	at org.junit.jupiter.engine.execution.MethodInvocation.proceed(MethodInvocation.java:60)
	at org.junit.jupiter.engine.execution.InvocationInterceptorChain$ValidatingInvocation.proceed(InvocationInterceptorChain.java:131)
	at org.junit.jupiter.engine.extension.TimeoutExtension.intercept(TimeoutExtension.java:149)
	at org.junit.jupiter.engine.extension.TimeoutExtension.interceptTestableMethod(TimeoutExtension.java:140)
	at org.junit.jupiter.engine.extension.TimeoutExtension.interceptTestMethod(TimeoutExtension.java:84)
	at org.junit.jupiter.engine.execution.ExecutableInvoker$ReflectiveInterceptorCall.lambda$ofVoidMethod$0(ExecutableInvoker.java:115)
	at org.junit.jupiter.engine.execution.ExecutableInvoker.lambda$invoke$0(ExecutableInvoker.java:105)
	at org.junit.jupiter.engine.execution.InvocationInterceptorChain$InterceptedInvocation.proceed(InvocationInterceptorChain.java:106)
	at org.junit.jupiter.engine.execution.InvocationInterceptorChain.proceed(InvocationInterceptorChain.java:64)
	at org.junit.jupiter.engine.execution.InvocationInterceptorChain.chainAndInvoke(InvocationInterceptorChain.java:45)
	at org.junit.jupiter.engine.execution.InvocationInterceptorChain.invoke(InvocationInterceptorChain.java:37)
	at org.junit.jupiter.engine.execution.ExecutableInvoker.invoke(ExecutableInvoker.java:104)
	at org.junit.jupiter.engine.execution.ExecutableInvoker.invoke(ExecutableInvoker.java:98)
	at org.junit.jupiter.engine.descriptor.TestMethodTestDescriptor.lambda$invokeTestMethod$7(TestMethodTestDescriptor.java:214)
	at org.junit.platform.engine.support.hierarchical.ThrowableCollector.execute(ThrowableCollector.java:73)
	at org.junit.jupiter.engine.descriptor.TestMethodTestDescriptor.invokeTestMethod(TestMethodTestDescriptor.java:210)
	at org.junit.jupiter.engine.descriptor.TestMethodTestDescriptor.execute(TestMethodTestDescriptor.java:135)
	at org.junit.jupiter.engine.descriptor.TestMethodTestDescriptor.execute(TestMethodTestDescriptor.java:66)
	at org.junit.platform.engine.support.hierarchical.NodeTestTask.lambda$executeRecursively$6(NodeTestTask.java:151)
	at org.junit.platform.engine.support.hierarchical.ThrowableCollector.execute(ThrowableCollector.java:73)
	at org.junit.platform.engine.support.hierarchical.NodeTestTask.lambda$executeRecursively$8(NodeTestTask.java:141)
	at org.junit.platform.engine.support.hierarchical.Node.around(Node.java:137)
	at org.junit.platform.engine.support.hierarchical.NodeTestTask.lambda$executeRecursively$9(NodeTestTask.java:139)
	at org.junit.platform.engine.support.hierarchical.ThrowableCollector.execute(ThrowableCollector.java:73)
	at org.junit.platform.engine.support.hierarchical.NodeTestTask.executeRecursively(NodeTestTask.java:138)
	at org.junit.platform.engine.support.hierarchical.NodeTestTask.execute(NodeTestTask.java:95)
	at java.base/java.util.ArrayList.forEach(ArrayList.java:1511)
	at org.junit.platform.engine.support.hierarchical.SameThreadHierarchicalTestExecutorService.invokeAll(SameThreadHierarchicalTestExecutorService.java:41)
	at org.junit.platform.engine.support.hierarchical.NodeTestTask.lambda$executeRecursively$6(NodeTestTask.java:155)
	at org.junit.platform.engine.support.hierarchical.ThrowableCollector.execute(ThrowableCollector.java:73)
	at org.junit.platform.engine.support.hierarchical.NodeTestTask.lambda$executeRecursively$8(NodeTestTask.java:141)
	at org.junit.platform.engine.support.hierarchical.Node.around(Node.java:137)
	at org.junit.platform.engine.support.hierarchical.NodeTestTask.lambda$executeRecursively$9(NodeTestTask.java:139)
	at org.junit.platform.engine.support.hierarchical.ThrowableCollector.execute(ThrowableCollector.java:73)
	at org.junit.platform.engine.support.hierarchical.NodeTestTask.executeRecursively(NodeTestTask.java:138)
	at org.junit.platform.engine.support.hierarchical.NodeTestTask.execute(NodeTestTask.java:95)
	at java.base/java.util.ArrayList.forEach(ArrayList.java:1511)
	at org.junit.platform.engine.support.hierarchical.SameThreadHierarchicalTestExecutorService.invokeAll(SameThreadHierarchicalTestExecutorService.java:41)
	at org.junit.platform.engine.support.hierarchical.NodeTestTask.lambda$executeRecursively$6(NodeTestTask.java:155)
	at org.junit.platform.engine.support.hierarchical.ThrowableCollector.execute(ThrowableCollector.java:73)
	at org.junit.platform.engine.support.hierarchical.NodeTestTask.lambda$executeRecursively$8(NodeTestTask.java:141)
	at org.junit.platform.engine.support.hierarchical.Node.around(Node.java:137)
	at org.junit.platform.engine.support.hierarchical.NodeTestTask.lambda$executeRecursively$9(NodeTestTask.java:139)
	at org.junit.platform.engine.support.hierarchical.ThrowableCollector.execute(ThrowableCollector.java:73)
	at org.junit.platform.engine.support.hierarchical.NodeTestTask.executeRecursively(NodeTestTask.java:138)
	at org.junit.platform.engine.support.hierarchical.NodeTestTask.execute(NodeTestTask.java:95)
	at org.junit.platform.engine.support.hierarchical.SameThreadHierarchicalTestExecutorService.submit(SameThreadHierarchicalTestExecutorService.java:35)
	at org.junit.platform.engine.support.hierarchical.HierarchicalTestExecutor.execute(HierarchicalTestExecutor.java:57)
	at org.junit.platform.engine.support.hierarchical.HierarchicalTestEngine.execute(HierarchicalTestEngine.java:54)
	at org.junit.platform.launcher.core.EngineExecutionOrchestrator.execute(EngineExecutionOrchestrator.java:107)
	at org.junit.platform.launcher.core.EngineExecutionOrchestrator.execute(EngineExecutionOrchestrator.java:88)
	at org.junit.platform.launcher.core.EngineExecutionOrchestrator.lambda$execute$0(EngineExecutionOrchestrator.java:54)
	at org.junit.platform.launcher.core.EngineExecutionOrchestrator.withInterceptedStreams(EngineExecutionOrchestrator.java:67)
	at org.junit.platform.launcher.core.EngineExecutionOrchestrator.execute(EngineExecutionOrchestrator.java:52)
	at org.junit.platform.launcher.core.DefaultLauncher.execute(DefaultLauncher.java:114)
	at org.junit.platform.launcher.core.DefaultLauncher.execute(DefaultLauncher.java:86)
	at org.junit.platform.launcher.core.DefaultLauncherSession$DelegatingLauncher.execute(DefaultLauncherSession.java:86)
	at org.apache.maven.surefire.junitplatform.LazyLauncher.execute(LazyLauncher.java:56)
	at org.apache.maven.surefire.junitplatform.JUnitPlatformProvider.execute(JUnitPlatformProvider.java:184)
	at org.apache.maven.surefire.junitplatform.JUnitPlatformProvider.invokeAllTests(JUnitPlatformProvider.java:148)
	at org.apache.maven.surefire.junitplatform.JUnitPlatformProvider.invoke(JUnitPlatformProvider.java:122)
	at org.apache.maven.surefire.booter.ForkedBooter.runSuitesInProcess(ForkedBooter.java:385)
	at org.apache.maven.surefire.booter.ForkedBooter.execute(ForkedBooter.java:162)
	at org.apache.maven.surefire.booter.ForkedBooter.run(ForkedBooter.java:507)
	at org.apache.maven.surefire.booter.ForkedBooter.main(ForkedBooter.java:495)
</pre></div></td>
<td>-</td></tr>
<tr class="b">
<td align="left"><img src="images/icon_success_sml.gif" alt="" /></td>
<td><a id="TC_org.openapitools.Rfc3339DateFormatFormatTest.testFormatWithNullStringBuffer"></a>testFormatWithNullStringBuffer</td>
<td>0.002 s</td></tr>
<tr class="a">
<td align="left"><img src="images/icon_success_sml.gif" alt="" /></td>
<td><a id="TC_org.openapitools.Rfc3339DateFormatFormatTest.testFormatWithValidDate"></a>testFormatWithValidDate</td>
<td>0.002 s</td></tr>
<tr class="b">
<td align="left"><img src="images/icon_success_sml.gif" alt="" /></td>
<td><a id="TC_org.openapitools.Rfc3339DateFormatFormatTest.testFormatWithNullDate"></a>testFormatWithNullDate</td>
<td>0.009 s</td></tr></table></section><section><a id="org.openapitools.model.LoginButtonStatusGet200ResponseStatusTest"></a>
<h3><a name="LoginButtonStatusGet200ResponseStatusTest"></a>LoginButtonStatusGet200ResponseStatusTest</h3>
<table border="0" class="bodyTable">
<tr class="a">
<td align="left"><img src="images/icon_success_sml.gif" alt="" /></td>
<td><a id="TC_org.openapitools.model.LoginButtonStatusGet200ResponseStatusTest.testSettingNullStatus"></a>testSettingNullStatus</td>
<td>0.002 s</td></tr>
<tr class="b">
<td align="left"><img src="images/icon_success_sml.gif" alt="" /></td>
<td><a id="TC_org.openapitools.model.LoginButtonStatusGet200ResponseStatusTest.testSettingValidStatus"></a>testSettingValidStatus</td>
<td>0.011 s</td></tr>
<tr class="a">
<td align="left"><img src="images/icon_success_sml.gif" alt="" /></td>
<td><a id="TC_org.openapitools.model.LoginButtonStatusGet200ResponseStatusTest.testSettingGettingStatus"></a>testSettingGettingStatus</td>
<td>0.001 s</td></tr></table></section><section><a id="org.openapitools.Rfc3339DateFormatParseTest"></a>
<h3><a name="Rfc3339DateFormatParseTest"></a>Rfc3339DateFormatParseTest</h3>
<table border="0" class="bodyTable">
<tr class="a">
<td align="left"><img src="images/icon_success_sml.gif" alt="" /></td>
<td><a id="TC_org.openapitools.Rfc3339DateFormatParseTest.testParseValidDateString"></a>testParseValidDateString</td>
<td>0.001 s</td></tr>
<tr class="b">
<td align="left"><img src="images/icon_success_sml.gif" alt="" /></td>
<td><a id="TC_org.openapitools.Rfc3339DateFormatParseTest.testParseInvalidDateString"></a>testParseInvalidDateString</td>
<td>0.007 s</td></tr>
<tr class="a">
<td align="left"><a href="#org.openapitools.Rfc3339DateFormatParseTest.testParseNullDateString"><img src="images/icon_error_sml.gif" alt="" /></a></td>
<td><a id="TC_org.openapitools.Rfc3339DateFormatParseTest.testParseNullDateString"></a><a href="#org.openapitools.Rfc3339DateFormatParseTest.testParseNullDateString">testParseNullDateString</a>
<div class="detailToggle" style="display:inline"><a href="javascript:toggleDisplay('org.openapitools.Rfc3339DateFormatParseTest.testParseNullDateString');"><span style="display:inline;" id="org.openapitools.Rfc3339DateFormatParseTest.testParseNullDateString-off"> + </span><span style="display:none;" id="org.openapitools.Rfc3339DateFormatParseTest.testParseNullDateString-on"> - </span>[ Detail ]</a></div></td>
<td>0.003 s</td></tr>
<tr class="b">
<td align="left">-</td>
<td>Cannot invoke &quot;String.length()&quot; because &quot;dateStr&quot; is null</td>
<td>-</td></tr>
<tr class="a" id="org.openapitools.Rfc3339DateFormatParseTest.testParseNullDateString-error" style="display:none;">
<td align="left">-</td>
<td>
<div class="source">
<pre>java.lang.NullPointerException: Cannot invoke &quot;String.length()&quot; because &quot;dateStr&quot; is null
	at com.fasterxml.jackson.databind.util.StdDateFormat.looksLikeISO8601(StdDateFormat.java:610)
	at com.fasterxml.jackson.databind.util.StdDateFormat._parseDate(StdDateFormat.java:410)
	at com.fasterxml.jackson.databind.util.StdDateFormat.parse(StdDateFormat.java:401)
	at org.openapitools.RFC3339DateFormat.parse(RFC3339DateFormat.java:26)
	at org.openapitools.Rfc3339DateFormatParseTest.testParseNullDateString(Rfc3339DateFormatParseTest.java:92)
	at java.base/jdk.internal.reflect.NativeMethodAccessorImpl.invoke0(Native Method)
	at java.base/jdk.internal.reflect.NativeMethodAccessorImpl.invoke(NativeMethodAccessorImpl.java:77)
	at java.base/jdk.internal.reflect.DelegatingMethodAccessorImpl.invoke(DelegatingMethodAccessorImpl.java:43)
	at java.base/java.lang.reflect.Method.invoke(Method.java:569)
	at org.junit.platform.commons.util.ReflectionUtils.invokeMethod(ReflectionUtils.java:725)
	at org.junit.jupiter.engine.execution.MethodInvocation.proceed(MethodInvocation.java:60)
	at org.junit.jupiter.engine.execution.InvocationInterceptorChain$ValidatingInvocation.proceed(InvocationInterceptorChain.java:131)
	at org.junit.jupiter.engine.extension.TimeoutExtension.intercept(TimeoutExtension.java:149)
	at org.junit.jupiter.engine.extension.TimeoutExtension.interceptTestableMethod(TimeoutExtension.java:140)
	at org.junit.jupiter.engine.extension.TimeoutExtension.interceptTestMethod(TimeoutExtension.java:84)
	at org.junit.jupiter.engine.execution.ExecutableInvoker$ReflectiveInterceptorCall.lambda$ofVoidMethod$0(ExecutableInvoker.java:115)
	at org.junit.jupiter.engine.execution.ExecutableInvoker.lambda$invoke$0(ExecutableInvoker.java:105)
	at org.junit.jupiter.engine.execution.InvocationInterceptorChain$InterceptedInvocation.proceed(InvocationInterceptorChain.java:106)
	at org.junit.jupiter.engine.execution.InvocationInterceptorChain.proceed(InvocationInterceptorChain.java:64)
	at org.junit.jupiter.engine.execution.InvocationInterceptorChain.chainAndInvoke(InvocationInterceptorChain.java:45)
	at org.junit.jupiter.engine.execution.InvocationInterceptorChain.invoke(InvocationInterceptorChain.java:37)
	at org.junit.jupiter.engine.execution.ExecutableInvoker.invoke(ExecutableInvoker.java:104)
	at org.junit.jupiter.engine.execution.ExecutableInvoker.invoke(ExecutableInvoker.java:98)
	at org.junit.jupiter.engine.descriptor.TestMethodTestDescriptor.lambda$invokeTestMethod$7(TestMethodTestDescriptor.java:214)
	at org.junit.platform.engine.support.hierarchical.ThrowableCollector.execute(ThrowableCollector.java:73)
	at org.junit.jupiter.engine.descriptor.TestMethodTestDescriptor.invokeTestMethod(TestMethodTestDescriptor.java:210)
	at org.junit.jupiter.engine.descriptor.TestMethodTestDescriptor.execute(TestMethodTestDescriptor.java:135)
	at org.junit.jupiter.engine.descriptor.TestMethodTestDescriptor.execute(TestMethodTestDescriptor.java:66)
	at org.junit.platform.engine.support.hierarchical.NodeTestTask.lambda$executeRecursively$6(NodeTestTask.java:151)
	at org.junit.platform.engine.support.hierarchical.ThrowableCollector.execute(ThrowableCollector.java:73)
	at org.junit.platform.engine.support.hierarchical.NodeTestTask.lambda$executeRecursively$8(NodeTestTask.java:141)
	at org.junit.platform.engine.support.hierarchical.Node.around(Node.java:137)
	at org.junit.platform.engine.support.hierarchical.NodeTestTask.lambda$executeRecursively$9(NodeTestTask.java:139)
	at org.junit.platform.engine.support.hierarchical.ThrowableCollector.execute(ThrowableCollector.java:73)
	at org.junit.platform.engine.support.hierarchical.NodeTestTask.executeRecursively(NodeTestTask.java:138)
	at org.junit.platform.engine.support.hierarchical.NodeTestTask.execute(NodeTestTask.java:95)
	at java.base/java.util.ArrayList.forEach(ArrayList.java:1511)
	at org.junit.platform.engine.support.hierarchical.SameThreadHierarchicalTestExecutorService.invokeAll(SameThreadHierarchicalTestExecutorService.java:41)
	at org.junit.platform.engine.support.hierarchical.NodeTestTask.lambda$executeRecursively$6(NodeTestTask.java:155)
	at org.junit.platform.engine.support.hierarchical.ThrowableCollector.execute(ThrowableCollector.java:73)
	at org.junit.platform.engine.support.hierarchical.NodeTestTask.lambda$executeRecursively$8(NodeTestTask.java:141)
	at org.junit.platform.engine.support.hierarchical.Node.around(Node.java:137)
	at org.junit.platform.engine.support.hierarchical.NodeTestTask.lambda$executeRecursively$9(NodeTestTask.java:139)
	at org.junit.platform.engine.support.hierarchical.ThrowableCollector.execute(ThrowableCollector.java:73)
	at org.junit.platform.engine.support.hierarchical.NodeTestTask.executeRecursively(NodeTestTask.java:138)
	at org.junit.platform.engine.support.hierarchical.NodeTestTask.execute(NodeTestTask.java:95)
	at java.base/java.util.ArrayList.forEach(ArrayList.java:1511)
	at org.junit.platform.engine.support.hierarchical.SameThreadHierarchicalTestExecutorService.invokeAll(SameThreadHierarchicalTestExecutorService.java:41)
	at org.junit.platform.engine.support.hierarchical.NodeTestTask.lambda$executeRecursively$6(NodeTestTask.java:155)
	at org.junit.platform.engine.support.hierarchical.ThrowableCollector.execute(ThrowableCollector.java:73)
	at org.junit.platform.engine.support.hierarchical.NodeTestTask.lambda$executeRecursively$8(NodeTestTask.java:141)
	at org.junit.platform.engine.support.hierarchical.Node.around(Node.java:137)
	at org.junit.platform.engine.support.hierarchical.NodeTestTask.lambda$executeRecursively$9(NodeTestTask.java:139)
	at org.junit.platform.engine.support.hierarchical.ThrowableCollector.execute(ThrowableCollector.java:73)
	at org.junit.platform.engine.support.hierarchical.NodeTestTask.executeRecursively(NodeTestTask.java:138)
	at org.junit.platform.engine.support.hierarchical.NodeTestTask.execute(NodeTestTask.java:95)
	at org.junit.platform.engine.support.hierarchical.SameThreadHierarchicalTestExecutorService.submit(SameThreadHierarchicalTestExecutorService.java:35)
	at org.junit.platform.engine.support.hierarchical.HierarchicalTestExecutor.execute(HierarchicalTestExecutor.java:57)
	at org.junit.platform.engine.support.hierarchical.HierarchicalTestEngine.execute(HierarchicalTestEngine.java:54)
	at org.junit.platform.launcher.core.EngineExecutionOrchestrator.execute(EngineExecutionOrchestrator.java:107)
	at org.junit.platform.launcher.core.EngineExecutionOrchestrator.execute(EngineExecutionOrchestrator.java:88)
	at org.junit.platform.launcher.core.EngineExecutionOrchestrator.lambda$execute$0(EngineExecutionOrchestrator.java:54)
	at org.junit.platform.launcher.core.EngineExecutionOrchestrator.withInterceptedStreams(EngineExecutionOrchestrator.java:67)
	at org.junit.platform.launcher.core.EngineExecutionOrchestrator.execute(EngineExecutionOrchestrator.java:52)
	at org.junit.platform.launcher.core.DefaultLauncher.execute(DefaultLauncher.java:114)
	at org.junit.platform.launcher.core.DefaultLauncher.execute(DefaultLauncher.java:86)
	at org.junit.platform.launcher.core.DefaultLauncherSession$DelegatingLauncher.execute(DefaultLauncherSession.java:86)
	at org.apache.maven.surefire.junitplatform.LazyLauncher.execute(LazyLauncher.java:56)
	at org.apache.maven.surefire.junitplatform.JUnitPlatformProvider.execute(JUnitPlatformProvider.java:184)
	at org.apache.maven.surefire.junitplatform.JUnitPlatformProvider.invokeAllTests(JUnitPlatformProvider.java:148)
	at org.apache.maven.surefire.junitplatform.JUnitPlatformProvider.invoke(JUnitPlatformProvider.java:122)
	at org.apache.maven.surefire.booter.ForkedBooter.runSuitesInProcess(ForkedBooter.java:385)
	at org.apache.maven.surefire.booter.ForkedBooter.execute(ForkedBooter.java:162)
	at org.apache.maven.surefire.booter.ForkedBooter.run(ForkedBooter.java:507)
	at org.apache.maven.surefire.booter.ForkedBooter.main(ForkedBooter.java:495)
</pre></div></td>
<td>-</td></tr></table></section><section><a id="org.openapitools.model.LoginPostRequestGetUsernameTest"></a>
<h3><a name="LoginPostRequestGetUsernameTest"></a>LoginPostRequestGetUsernameTest</h3>
<table border="0" class="bodyTable">
<tr class="a">
<td align="left"><img src="images/icon_success_sml.gif" alt="" /></td>
<td><a id="TC_org.openapitools.model.LoginPostRequestGetUsernameTest.getUsernameWhenEmpty"></a>getUsernameWhenEmpty</td>
<td>0.001 s</td></tr>
<tr class="b">
<td align="left"><img src="images/icon_success_sml.gif" alt="" /></td>
<td><a id="TC_org.openapitools.model.LoginPostRequestGetUsernameTest.getUsernameWhenNull"></a>getUsernameWhenNull</td>
<td>0.001 s</td></tr>
<tr class="a">
<td align="left"><img src="images/icon_success_sml.gif" alt="" /></td>
<td><a id="TC_org.openapitools.model.LoginPostRequestGetUsernameTest.getUsernameProperty"></a>getUsernameProperty</td>
<td>0.001 s</td></tr></table></section><section><a id="org.openapitools.api.LoginPageLoadApiControllerGetRequestTest"></a>
<h3><a name="LoginPageLoadApiControllerGetRequestTest"></a>LoginPageLoadApiControllerGetRequestTest</h3>
<table border="0" class="bodyTable">
<tr class="a">
<td align="left"><img src="images/icon_success_sml.gif" alt="" /></td>
<td><a id="TC_org.openapitools.api.LoginPageLoadApiControllerGetRequestTest.testGetRequestReturnsEmptyOptional"></a>testGetRequestReturnsEmptyOptional</td>
<td>0.001 s</td></tr>
<tr class="b">
<td align="left"><img src="images/icon_success_sml.gif" alt="" /></td>
<td><a id="TC_org.openapitools.api.LoginPageLoadApiControllerGetRequestTest.testGetRequestReturnsNonEmptyOptional"></a>testGetRequestReturnsNonEmptyOptional</td>
<td>0.006 s</td></tr>
<tr class="a">
<td align="left"><img src="images/icon_success_sml.gif" alt="" /></td>
<td><a id="TC_org.openapitools.api.LoginPageLoadApiControllerGetRequestTest.testGetRequestDoesNotModifyRequest"></a>testGetRequestDoesNotModifyRequest</td>
<td>0.003 s</td></tr></table></section><section><a id="org.openapitools.configuration.HomeControllerIndexTest"></a>
<h3><a name="HomeControllerIndexTest"></a>HomeControllerIndexTest</h3>
<table border="0" class="bodyTable">
<tr class="a">
<td align="left"><img src="images/icon_success_sml.gif" alt="" /></td>
<td><a id="TC_org.openapitools.configuration.HomeControllerIndexTest.testIndexRedirection"></a>testIndexRedirection</td>
<td>0.042 s</td></tr>
<tr class="b">
<td align="left"><img src="images/icon_success_sml.gif" alt="" /></td>
<td><a id="TC_org.openapitools.configuration.HomeControllerIndexTest.testIncorrectRedirection"></a>testIncorrectRedirection</td>
<td>0.005 s</td></tr>
<tr class="a">
<td align="left"><img src="images/icon_success_sml.gif" alt="" /></td>
<td><a id="TC_org.openapitools.configuration.HomeControllerIndexTest.testNullReturn"></a>testNullReturn</td>
<td>0.003 s</td></tr></table></section><section><a id="org.openapitools.model.LoginButtonStatusGet200ResponseGetStatusTest"></a>
<h3><a name="LoginButtonStatusGet200ResponseGetStatusTest"></a>LoginButtonStatusGet200ResponseGetStatusTest</h3>
<table border="0" class="bodyTable">
<tr class="a">
<td align="left"><img src="images/icon_success_sml.gif" alt="" /></td>
<td><a id="TC_org.openapitools.model.LoginButtonStatusGet200ResponseGetStatusTest.getStatusWhenStatusNotSet"></a>getStatusWhenStatusNotSet</td>
<td>0.002 s</td></tr>
<tr class="b">
<td align="left"><img src="images/icon_success_sml.gif" alt="" /></td>
<td><a id="TC_org.openapitools.model.LoginButtonStatusGet200ResponseGetStatusTest.getStatusWhenStatusSet"></a>getStatusWhenStatusSet</td>
<td>0.012 s</td></tr>
<tr class="a">
<td align="left"><img src="images/icon_success_sml.gif" alt="" /></td>
<td><a id="TC_org.openapitools.model.LoginButtonStatusGet200ResponseGetStatusTest.getStatusAfterResettingStatus"></a>getStatusAfterResettingStatus</td>
<td>0.001 s</td></tr>
<tr class="b">
<td align="left"><img src="images/icon_success_sml.gif" alt="" /></td>
<td><a id="TC_org.openapitools.model.LoginButtonStatusGet200ResponseGetStatusTest.equalsMethodWithGetStatus"></a>equalsMethodWithGetStatus</td>
<td>0.001 s</td></tr>
<tr class="a">
<td align="left"><img src="images/icon_success_sml.gif" alt="" /></td>
<td><a id="TC_org.openapitools.model.LoginButtonStatusGet200ResponseGetStatusTest.getStatusInToStringMethod"></a>getStatusInToStringMethod</td>
<td>0.001 s</td></tr></table></section><section><a id="org.openapitools.model.UsernamePostRequestTextTest"></a>
<h3><a name="UsernamePostRequestTextTest"></a>UsernamePostRequestTextTest</h3>
<table border="0" class="bodyTable">
<tr class="a">
<td align="left"><img src="images/icon_success_sml.gif" alt="" /></td>
<td><a id="TC_org.openapitools.model.UsernamePostRequestTextTest.testTextMethodWithValidInput"></a>testTextMethodWithValidInput</td>
<td>0.001 s</td></tr>
<tr class="b">
<td align="left"><img src="images/icon_success_sml.gif" alt="" /></td>
<td><a id="TC_org.openapitools.model.UsernamePostRequestTextTest.testTextMethodWithNullInput"></a>testTextMethodWithNullInput</td>
<td>0.002 s</td></tr>
<tr class="a">
<td align="left"><img src="images/icon_success_sml.gif" alt="" /></td>
<td><a id="TC_org.openapitools.model.UsernamePostRequestTextTest.testTextMethodWithEmptyStringInput"></a>testTextMethodWithEmptyStringInput</td>
<td>0.001 s</td></tr></table></section><section><a id="org.openapitools.model.LoginPostRequestEqualsTest"></a>
<h3><a name="LoginPostRequestEqualsTest"></a>LoginPostRequestEqualsTest</h3>
<table border="0" class="bodyTable">
<tr class="a">
<td align="left"><img src="images/icon_success_sml.gif" alt="" /></td>
<td><a id="TC_org.openapitools.model.LoginPostRequestEqualsTest.testEqualityWithDifferentUsernamesSamePassword"></a>testEqualityWithDifferentUsernamesSamePassword</td>
<td>0.001 s</td></tr>
<tr class="b">
<td align="left"><img src="images/icon_success_sml.gif" alt="" /></td>
<td><a id="TC_org.openapitools.model.LoginPostRequestEqualsTest.testEqualityWithSameUsernameDifferentPasswords"></a>testEqualityWithSameUsernameDifferentPasswords</td>
<td>0.001 s</td></tr>
<tr class="a">
<td align="left"><img src="images/icon_success_sml.gif" alt="" /></td>
<td><a id="TC_org.openapitools.model.LoginPostRequestEqualsTest.testEqualityOfIdenticalObjects"></a>testEqualityOfIdenticalObjects</td>
<td>0.005 s</td></tr>
<tr class="b">
<td align="left"><img src="images/icon_success_sml.gif" alt="" /></td>
<td><a id="TC_org.openapitools.model.LoginPostRequestEqualsTest.testEqualityWithNull"></a>testEqualityWithNull</td>
<td>0.001 s</td></tr>
<tr class="a">
<td align="left"><img src="images/icon_success_sml.gif" alt="" /></td>
<td><a id="TC_org.openapitools.model.LoginPostRequestEqualsTest.testEqualityOfDifferentObjects"></a>testEqualityOfDifferentObjects</td>
<td>0.001 s</td></tr></table></section><section><a id="org.openapitools.model.LoginPostRequestValidateLoginTest"></a>
<h3><a name="LoginPostRequestValidateLoginTest"></a>LoginPostRequestValidateLoginTest</h3>
<table border="0" class="bodyTable">
<tr class="a">
<td align="left"><img src="images/icon_success_sml.gif" alt="" /></td>
<td><a id="TC_org.openapitools.model.LoginPostRequestValidateLoginTest.testPasswordWithoutLetters"></a>testPasswordWithoutLetters</td>
<td>0.012 s</td></tr>
<tr class="b">
<td align="left"><img src="images/icon_success_sml.gif" alt="" /></td>
<td><a id="TC_org.openapitools.model.LoginPostRequestValidateLoginTest.testUsernameLessThanFiveCharacters"></a>testUsernameLessThanFiveCharacters</td>
<td>0.001 s</td></tr>
<tr class="a">
<td align="left"><img src="images/icon_success_sml.gif" alt="" /></td>
<td><a id="TC_org.openapitools.model.LoginPostRequestValidateLoginTest.testPasswordWithoutNumbers"></a>testPasswordWithoutNumbers</td>
<td>0.001 s</td></tr>
<tr class="b">
<td align="left"><img src="images/icon_success_sml.gif" alt="" /></td>
<td><a id="TC_org.openapitools.model.LoginPostRequestValidateLoginTest.testValidUsernameAndPassword"></a>testValidUsernameAndPassword</td>
<td>0.005 s</td></tr>
<tr class="a">
<td align="left"><img src="images/icon_success_sml.gif" alt="" /></td>
<td><a id="TC_org.openapitools.model.LoginPostRequestValidateLoginTest.testPasswordLessThanFiveCharacters"></a>testPasswordLessThanFiveCharacters</td>
<td>0.004 s</td></tr></table></section><section><a id="org.openapitools.model.LoginPostRequestHashCodeTest"></a>
<h3><a name="LoginPostRequestHashCodeTest"></a>LoginPostRequestHashCodeTest</h3>
<table border="0" class="bodyTable">
<tr class="a">
<td align="left"><img src="images/icon_success_sml.gif" alt="" /></td>
<td><a id="TC_org.openapitools.model.LoginPostRequestHashCodeTest.testHashCodeWithNullValues"></a>testHashCodeWithNullValues</td>
<td>0.018 s</td></tr>
<tr class="b">
<td align="left"><img src="images/icon_success_sml.gif" alt="" /></td>
<td><a id="TC_org.openapitools.model.LoginPostRequestHashCodeTest.testHashCodeWithSameValues"></a>testHashCodeWithSameValues</td>
<td>0.001 s</td></tr>
<tr class="a">
<td align="left"><img src="images/icon_success_sml.gif" alt="" /></td>
<td><a id="TC_org.openapitools.model.LoginPostRequestHashCodeTest.testHashCodeWithDistinctValues"></a>testHashCodeWithDistinctValues</td>
<td>0.001 s</td></tr></table></section><section><a id="org.openapitools.model.LoginButtonStatusGet200ResponseToStringTest"></a>
<h3><a name="LoginButtonStatusGet200ResponseToStringTest"></a>LoginButtonStatusGet200ResponseToStringTest</h3>
<table border="0" class="bodyTable">
<tr class="a">
<td align="left"><img src="images/icon_success_sml.gif" alt="" /></td>
<td><a id="TC_org.openapitools.model.LoginButtonStatusGet200ResponseToStringTest.testToStringWhenStatusHasNewlineCharacters"></a>testToStringWhenStatusHasNewlineCharacters</td>
<td>0.001 s</td></tr>
<tr class="b">
<td align="left"><img src="images/icon_success_sml.gif" alt="" /></td>
<td><a id="TC_org.openapitools.model.LoginButtonStatusGet200ResponseToStringTest.testToStringWhenStatusIsEmpty"></a>testToStringWhenStatusIsEmpty</td>
<td>0.001 s</td></tr>
<tr class="a">
<td align="left"><img src="images/icon_success_sml.gif" alt="" /></td>
<td><a id="TC_org.openapitools.model.LoginButtonStatusGet200ResponseToStringTest.testToStringWhenStatusIsNonEmpty"></a>testToStringWhenStatusIsNonEmpty</td>
<td>0.001 s</td></tr>
<tr class="b">
<td align="left"><img src="images/icon_success_sml.gif" alt="" /></td>
<td><a id="TC_org.openapitools.model.LoginButtonStatusGet200ResponseToStringTest.testToStringWhenStatusIsNull"></a>testToStringWhenStatusIsNull</td>
<td>0 s</td></tr></table></section><section><a id="org.openapitools.OpenApiGeneratorApplicationTests"></a>
<h3><a name="OpenApiGeneratorApplicationTests"></a>OpenApiGeneratorApplicationTests</h3>
<table border="0" class="bodyTable">
<tr class="a">
<td align="left"><img src="images/icon_success_sml.gif" alt="" /></td>
<td><a id="TC_org.openapitools.OpenApiGeneratorApplicationTests.contextLoads"></a>contextLoads</td>
<td>1.049 s</td></tr></table></section><section><a id="org.openapitools.model.LoginPostRequestUsernameTest"></a>
<h3><a name="LoginPostRequestUsernameTest"></a>LoginPostRequestUsernameTest</h3>
<table border="0" class="bodyTable">
<tr class="a">
<td align="left"><img src="images/icon_success_sml.gif" alt="" /></td>
<td><a id="TC_org.openapitools.model.LoginPostRequestUsernameTest.testUsernameWithNullValue"></a>testUsernameWithNullValue</td>
<td>0.007 s</td></tr>
<tr class="b">
<td align="left"><img src="images/icon_success_sml.gif" alt="" /></td>
<td><a id="TC_org.openapitools.model.LoginPostRequestUsernameTest.testUsernameWithEmptyString"></a>testUsernameWithEmptyString</td>
<td>0.003 s</td></tr>
<tr class="a">
<td align="left"><img src="images/icon_success_sml.gif" alt="" /></td>
<td><a id="TC_org.openapitools.model.LoginPostRequestUsernameTest.testUsernameWithValidString"></a>testUsernameWithValidString</td>
<td>0.002 s</td></tr>
<tr class="b">
<td align="left"><img src="images/icon_success_sml.gif" alt="" /></td>
<td><a id="TC_org.openapitools.model.LoginPostRequestUsernameTest.testUsernameWithSpecialCharacters"></a>testUsernameWithSpecialCharacters</td>
<td>0.001 s</td></tr></table></section><section><a id="org.openapitools.model.LoginButtonStatusGet200ResponseHashCodeTest"></a>
<h3><a name="LoginButtonStatusGet200ResponseHashCodeTest"></a>LoginButtonStatusGet200ResponseHashCodeTest</h3>
<table border="0" class="bodyTable">
<tr class="a">
<td align="left"><img src="images/icon_success_sml.gif" alt="" /></td>
<td><a id="TC_org.openapitools.model.LoginButtonStatusGet200ResponseHashCodeTest.testHashCodeWithEqualObjects"></a>testHashCodeWithEqualObjects</td>
<td>0.001 s</td></tr>
<tr class="b">
<td align="left"><img src="images/icon_success_sml.gif" alt="" /></td>
<td><a id="TC_org.openapitools.model.LoginButtonStatusGet200ResponseHashCodeTest.testHashCodeWithNonEqualObjects"></a>testHashCodeWithNonEqualObjects</td>
<td>0.001 s</td></tr>
<tr class="a">
<td align="left"><img src="images/icon_success_sml.gif" alt="" /></td>
<td><a id="TC_org.openapitools.model.LoginButtonStatusGet200ResponseHashCodeTest.testHashCodeWithNullStatus"></a>testHashCodeWithNullStatus</td>
<td>0.018 s</td></tr></table></section><br /></section><section><a id="Failure_Details"></a>
<h2><a name="Failure_Details"></a>Failure Details</h2>
<p>[<a href="#Summary">Summary</a>] [<a href="#Package_List">Package List</a>] [<a href="#Test_Cases">Test Cases</a>]</p><br />
<table border="0" class="bodyTable">
<tr class="a">
<td align="left"><img src="images/icon_error_sml.gif" alt="" /></td>
<td><a id="org.openapitools.model.CredentialsObscuredGet200ResponseHashCodeTest.testHashCodeWhenObscuredIsFalse"></a>testHashCodeWhenObscuredIsFalse</td></tr>
<tr class="b">
<td align="left">-</td>
<td>org.opentest4j.AssertionFailedError: Hash code does not match expected value when obscured is false ==&gt; expected: &lt;1237&gt; but was: &lt;1268&gt;</td></tr>
<tr class="a">
<td align="left">-</td>
<td>
<div id="testHashCodeWhenObscuredIsFalse-failure">org.openapitools.model.CredentialsObscuredGet200ResponseHashCodeTest:93</div></td></tr>
<tr class="b">
<td align="left"><img src="images/icon_error_sml.gif" alt="" /></td>
<td><a id="org.openapitools.model.CredentialsObscuredGet200ResponseHashCodeTest.testHashCodeWhenObscuredIsNull"></a>testHashCodeWhenObscuredIsNull</td></tr>
<tr class="a">
<td align="left">-</td>
<td>org.opentest4j.AssertionFailedError: Hash code does not match expected value when obscured is null ==&gt; expected: &lt;0&gt; but was: &lt;31&gt;</td></tr>
<tr class="b">
<td align="left">-</td>
<td>
<div id="testHashCodeWhenObscuredIsNull-failure">org.openapitools.model.CredentialsObscuredGet200ResponseHashCodeTest:106</div></td></tr>
<tr class="a">
<td align="left"><img src="images/icon_error_sml.gif" alt="" /></td>
<td><a id="org.openapitools.model.CredentialsObscuredGet200ResponseHashCodeTest.testHashCodeWhenObscuredIsTrue"></a>testHashCodeWhenObscuredIsTrue</td></tr>
<tr class="b">
<td align="left">-</td>
<td>org.opentest4j.AssertionFailedError: Hash code does not match expected value when obscured is true ==&gt; expected: &lt;1231&gt; but was: &lt;1262&gt;</td></tr>
<tr class="a">
<td align="left">-</td>
<td>
<div id="testHashCodeWhenObscuredIsTrue-failure">org.openapitools.model.CredentialsObscuredGet200ResponseHashCodeTest:80</div></td></tr>
<tr class="b">
<td align="left"><img src="images/icon_error_sml.gif" alt="" /></td>
<td><a id="org.openapitools.api.ApiUtilSetExampleResponseTest.testValidSetExampleResponse"></a>testValidSetExampleResponse</td></tr>
<tr class="a">
<td align="left">-</td>
<td>java.lang.NullPointerException: Cannot invoke &quot;java.io.PrintWriter.print(String)&quot; because the return value of &quot;javax.servlet.http.HttpServletResponse.getWriter()&quot; is null</td></tr>
<tr class="b">
<td align="left">-</td>
<td>
<div id="testValidSetExampleResponse-error">org.openapitools.api.ApiUtilSetExampleResponseTest:71</div></td></tr>
<tr class="a">
<td align="left"><img src="images/icon_error_sml.gif" alt="" /></td>
<td><a id="org.openapitools.Rfc3339DateFormatFormatTest.testFormatWithNullFieldPosition"></a>testFormatWithNullFieldPosition</td></tr>
<tr class="b">
<td align="left">-</td>
<td>org.opentest4j.AssertionFailedError: Expected java.lang.NullPointerException to be thrown, but nothing was thrown.</td></tr>
<tr class="a">
<td align="left">-</td>
<td>
<div id="testFormatWithNullFieldPosition-failure">org.openapitools.Rfc3339DateFormatFormatTest:112</div></td></tr>
<tr class="b">
<td align="left"><img src="images/icon_error_sml.gif" alt="" /></td>
<td><a id="org.openapitools.Rfc3339DateFormatParseTest.testParseNullDateString"></a>testParseNullDateString</td></tr>
<tr class="a">
<td align="left">-</td>
<td>java.lang.NullPointerException: Cannot invoke &quot;String.length()&quot; because &quot;dateStr&quot; is null</td></tr>
<tr class="b">
<td align="left">-</td>
<td>
<div id="testParseNullDateString-error">org.openapitools.Rfc3339DateFormatParseTest:92</div></td></tr></table><br /></section>
      </div>
    </div>
    <div class="clear">
      <hr/>
    </div>
    <div id="footer">
      <div class="xright">
        Copyright &#169;      2024..      </div>
      <div class="clear">
        <hr/>
      </div>
    </div>
  </body>
</html>
